00 40 1d 24 04 00 00 08 
00 00 00 00 ff ff ff ff 
0a 08 00 0c 00 00 00 00 
15 00 00 0c 00 00 00 00 
00 00 02 3c 0c 00 44 ac 
ff ff 00 10 00 00 00 00 
06 00 80 14 00 00 00 00 
01 00 03 24 00 00 02 3c 
0c 00 43 ac ff ff 00 10 
00 00 00 00 08 00 e0 03 
00 00 00 00 00 00 02 3c 
0c 00 40 ac ff ff 00 10 
00 00 00 00 c3 47 05 00 
22 00 00 15 00 00 00 00 
20 00 a0 10 00 00 00 00 
01 00 0c 24 25 68 00 00 
20 00 00 05 00 00 00 00 
25 10 00 00 25 18 00 00 
40 00 0b 24 20 00 66 30 
04 38 64 00 01 00 aa 30 
c0 4f 08 00 42 28 05 00 
0b 38 06 00 01 00 63 24 
02 00 40 11 00 00 00 00 
21 10 47 00 25 28 25 01 
43 40 08 00 f3 ff 6b 14 
00 00 00 00 01 00 03 24 
05 00 83 15 00 00 00 00 
03 00 a0 15 00 00 00 00 
08 00 e0 03 00 00 00 00 
23 10 02 00 08 00 e0 03 
00 00 00 00 ff ff 0c 24 
ff ff 0d 24 e2 ff 01 05 
00 00 00 00 23 28 05 00 
2b 10 05 00 23 40 08 00 
23 40 02 01 dc ff 00 10 
00 00 00 00 18 ff bd 27 
00 00 02 3c 10 21 42 24 
e4 00 bf af e0 00 be af 
dc 00 b7 af d8 00 b6 af 
d4 00 b5 af d0 00 b4 af 
cc 00 b3 af c8 00 b2 af 
c4 00 b1 af c0 00 b0 af 
25 18 40 00 0c 00 46 8c 
00 00 05 3c 7c 00 a2 af 
00 00 02 3c 40 21 a4 24 
30 21 42 24 40 21 a5 8c 
0c 00 53 8c 08 00 42 8c 
08 00 71 8c 24 00 a5 af 
00 1c 06 00 04 00 85 8c 
08 00 84 8c 25 38 40 00 
03 1c 03 00 1c 00 a2 af 
84 00 a4 af c3 17 03 00 
23 20 f1 00 00 8c 11 00 
18 00 a5 af 23 30 66 02 
03 8c 11 00 a8 02 40 14 
00 00 00 00 a6 02 60 10 
00 00 00 00 01 00 0c 24 
25 58 00 00 25 28 60 00 
05 00 41 04 00 00 00 00 
23 28 03 00 2b 38 05 00 
23 10 02 00 23 10 47 00 
25 38 00 00 25 40 00 00 
40 00 0d 24 20 00 0a 31 
04 48 11 01 01 00 af 30 
c0 77 02 00 42 28 05 00 
0b 48 0a 00 01 00 08 25 
02 00 e0 11 00 00 00 00 
21 38 e9 00 25 28 c5 01 
43 10 02 00 f3 ff 0d 15 
00 00 00 00 01 00 02 24 
91 02 82 15 00 00 00 00 
8f 02 60 15 00 00 00 00 
00 f4 13 00 03 f4 1e 00 
c3 47 1e 00 1c 00 ac 87 
85 02 00 15 00 00 00 00 
83 02 c0 13 00 00 00 00 
01 00 0b 24 25 50 00 00 
25 10 c0 03 25 28 00 01 
05 00 01 05 00 00 00 00 
23 10 1e 00 2b 28 02 00 
23 40 08 00 23 28 05 01 
25 40 00 00 25 48 00 00 
40 00 0f 24 20 00 2e 31 
04 68 2c 01 01 00 59 30 
c0 c7 05 00 42 10 02 00 
0b 68 0e 00 01 00 29 25 
02 00 20 13 00 00 00 00 
21 40 0d 01 25 10 02 03 
43 28 05 00 f3 ff 2f 15 
00 00 00 00 01 00 02 24 
81 02 62 15 00 00 00 00 
7f 02 40 15 00 00 00 00 
70 02 c0 18 00 00 00 00 
01 00 cc 24 00 54 0c 00 
03 54 0a 00 c3 4f 0a 00 
25 28 40 01 25 10 20 01 
05 00 21 05 00 00 00 00 
23 28 0a 00 2b 30 05 00 
23 10 09 00 23 10 46 00 
25 30 40 00 6a 02 80 18 
00 00 00 00 01 00 84 24 
00 74 04 00 03 74 0e 00 
00 00 02 3c 20 21 4b 24 
25 78 60 01 80 00 ab af 
00 00 0b 3c 25 68 60 01 
5c 00 ab af 20 21 42 8c 
04 00 eb 8d 54 21 b7 25 
54 21 a2 ad 04 00 eb ae 
08 00 e4 ae 0c 00 ec ae 
46 02 20 19 00 00 00 00 
01 00 0d 24 25 60 00 00 
25 50 00 00 25 48 00 00 
40 00 12 24 20 00 58 31 
04 78 4e 01 01 00 b0 30 
c0 cf 06 00 42 28 05 00 
0b 78 18 00 01 00 4a 25 
02 00 00 12 00 00 00 00 
21 48 2f 01 25 28 25 03 
43 30 06 00 f3 ff 52 15 
00 00 00 00 01 00 05 24 
4c 02 a5 15 00 00 00 00 
4a 02 80 15 00 00 00 00 
61 02 60 11 00 00 00 00 
00 2c 09 00 03 2c 05 00 
c3 37 05 00 64 00 a5 af 
50 00 a6 af 6c 00 a5 af 
70 00 a6 af 08 00 c1 04 
00 00 00 00 23 30 05 00 
50 00 a5 8f 2b 48 06 00 
23 28 05 00 23 28 a9 00 
6c 00 a6 af 70 00 a5 af 
01 00 e7 24 00 2c 07 00 
03 2c 05 00 c3 37 05 00 
68 00 a5 af 00 3c 08 00 
23 28 05 00 03 3c 07 00 
58 00 a6 af b8 00 a5 af 
23 30 06 00 2b 28 05 00 
54 00 a7 af 23 28 c5 00 
c3 3f 07 00 34 00 b7 af 
30 00 a7 af 25 b8 c0 03 
60 00 a0 af 40 00 a0 af 
bc 00 a5 af 25 f0 60 02 
00 14 02 00 03 14 02 00 
c3 2f 02 00 40 00 aa 87 
18 02 a0 14 00 00 00 00 
16 02 40 10 00 00 00 00 
01 00 0c 24 25 58 00 00 
05 00 a1 04 00 00 00 00 
23 10 02 00 2b 30 02 00 
23 28 05 00 23 28 a6 00 
25 30 00 00 25 38 00 00 
40 00 0d 24 20 00 e9 30 
04 40 ea 00 01 00 4f 30 
c0 77 05 00 42 10 02 00 
0b 40 09 00 01 00 e7 24 
02 00 e0 11 00 00 00 00 
21 30 c8 00 25 10 c2 01 
43 28 05 00 f3 ff ed 14 
00 00 00 00 01 00 02 24 
24 02 82 15 00 00 00 00 
22 02 60 15 00 00 00 00 
6c 00 a5 8f 70 00 a7 8f 
25 60 00 00 25 10 00 00 
40 00 0b 24 20 00 49 30 
04 40 4a 00 01 00 ae 30 
c0 6f 07 00 42 28 05 00 
0b 40 09 00 01 00 42 24 
02 00 c0 11 00 00 00 00 
21 60 88 01 25 28 a5 01 
43 38 07 00 f3 ff 4b 14 
00 00 00 00 50 00 a2 8f 
48 00 ac af 12 02 40 18 
00 00 00 00 00 34 06 00 
c3 17 03 00 03 34 06 00 
09 02 40 14 00 00 00 00 
07 02 60 10 00 00 00 00 
01 00 0b 24 25 50 00 00 
25 28 60 00 05 00 41 04 
00 00 00 00 23 28 03 00 
2b 38 05 00 23 18 02 00 
23 10 67 00 25 18 40 00 
25 38 00 00 25 10 00 00 
40 00 0c 24 20 00 e9 30 
04 40 f1 00 01 00 ae 30 
c0 6f 03 00 42 28 05 00 
0b 40 09 00 01 00 e7 24 
02 00 c0 11 00 00 00 00 
21 10 48 00 25 28 a5 01 
43 18 03 00 f3 ff ec 14 
00 00 00 00 01 00 03 24 
0c 02 63 15 00 00 00 00 
0a 02 40 15 00 00 00 00 
01 00 42 24 00 14 02 00 
03 14 02 00 c3 1f 02 00 
ef 01 60 14 00 00 00 00 
ed 01 40 10 00 00 00 00 
01 00 0a 24 25 48 00 00 
05 00 61 04 00 00 00 00 
23 10 02 00 2b 28 02 00 
23 18 03 00 23 18 65 00 
25 60 00 00 25 28 00 00 
40 00 0b 24 20 00 a8 30 
04 38 a6 00 01 00 4e 30 
c0 6f 03 00 42 10 02 00 
0b 38 08 00 01 00 a5 24 
02 00 c0 11 00 00 00 00 
21 60 87 01 25 10 a2 01 
43 18 03 00 f3 ff ab 14 
00 00 00 00 01 00 02 24 
2c 00 ac af e8 01 42 15 
00 00 00 00 e6 01 20 15 
00 00 00 00 d0 01 80 10 
00 00 00 00 2c 00 a2 8f 
18 00 a3 8f 40 10 02 00 
21 10 62 00 94 00 a2 af 
00 00 02 3c b0 00 a2 af 
00 00 02 3c b0 20 42 24 
3c 00 a0 af 25 20 00 00 
25 28 00 00 ff ff 07 24 
ff ff 06 24 b4 00 a2 af 
25 10 80 00 25 18 a0 00 
05 00 a1 04 00 00 00 00 
23 10 04 00 2b 18 02 00 
23 28 05 00 23 18 a3 00 
25 60 00 00 25 28 00 00 
01 00 0b 24 40 00 0a 24 
20 00 a9 30 04 40 ab 00 
01 00 4e 30 c0 6f 03 00 
42 10 02 00 0b 40 09 00 
01 00 a5 24 02 00 c0 11 
00 00 00 00 21 60 88 01 
25 10 a2 01 43 18 03 00 
f3 ff aa 14 00 00 00 00 
01 00 02 24 4c 00 ac af 
c0 01 e2 14 00 00 00 00 
be 01 c0 14 00 00 00 00 
34 00 a2 8f 0c 00 49 8c 
00 14 09 00 03 14 02 00 
c3 1f 02 00 b3 01 60 14 
00 00 00 00 b1 01 40 10 
00 00 00 00 01 00 0b 24 
25 50 00 00 05 00 61 04 
00 00 00 00 23 10 02 00 
2b 28 02 00 23 18 03 00 
23 18 65 00 25 28 00 00 
25 30 00 00 40 00 0c 24 
20 00 c8 30 04 38 c4 00 
01 00 4e 30 c0 6f 03 00 
42 10 02 00 0b 38 08 00 
01 00 c6 24 02 00 c0 11 
00 00 00 00 21 28 a7 00 
25 10 a2 01 43 18 03 00 
f3 ff cc 14 00 00 00 00 
01 00 02 24 34 02 62 15 
00 00 00 00 32 02 40 15 
00 00 00 00 1e 02 20 11 
00 00 00 00 54 00 a3 8f 
48 00 a2 8f 23 18 03 00 
21 10 45 00 25 20 60 00 
a8 00 a3 af 84 00 a3 8f 
90 00 a2 af 40 10 02 00 
21 10 43 00 00 00 05 3c 
2b 20 04 00 25 18 00 00 
44 00 a2 af 28 00 a0 af 
25 10 00 00 ff ff 0a 24 
ff ff 09 24 a0 00 a5 af 
01 00 16 24 ac 00 a4 af 
dd 01 60 04 00 00 00 00 
25 60 00 00 25 20 00 00 
40 00 0b 24 20 00 85 30 
04 30 96 00 01 00 48 30 
c0 3f 03 00 42 10 02 00 
0b 30 05 00 01 00 84 24 
02 00 00 11 00 00 00 00 
21 60 86 01 25 10 e2 00 
43 18 03 00 f3 ff 8b 14 
00 00 00 00 10 00 ac af 
ee 01 56 15 00 00 00 00 
ec 01 20 15 00 00 00 00 
5c 00 a2 8f 28 00 a3 8f 
90 00 a4 8f 54 21 42 8c 
21 18 64 00 8c 00 a2 af 
88 00 a3 af e0 01 40 10 
00 00 00 00 54 00 a2 8f 
74 00 a2 af 30 00 a2 8f 
78 00 a2 af d2 01 40 04 
00 00 00 00 7c 00 a6 8f 
25 80 00 00 0c 00 c2 8c 
08 00 c6 8c 25 28 40 00 
20 00 a2 af 68 00 a2 8f 
14 00 a6 af 25 38 40 00 
58 00 a2 8f 25 30 e0 00 
b8 00 a7 8f 25 20 40 00 
00 00 43 28 25 10 60 00 
0b 30 e3 00 25 18 80 00 
bc 00 a4 8f 00 74 05 00 
0b 18 82 00 9c 00 a3 af 
2c 00 a3 8f 98 00 a6 af 
01 00 63 24 a4 00 a3 af 
10 00 a3 8f 03 74 0e 00 
38 00 a0 af 40 00 09 24 
21 c0 65 00 38 00 a7 87 
98 00 a3 8f 9c 00 a6 8f 
25 c8 00 00 25 10 00 00 
20 00 44 30 04 28 47 00 
01 00 6a 30 c0 47 06 00 
42 18 03 00 0b 28 04 00 
01 00 42 24 02 00 40 11 
00 00 00 00 21 c8 25 03 
25 18 03 01 43 30 06 00 
f3 ff 49 14 00 00 00 00 
58 00 a2 8f 8a 01 40 18 
00 00 00 00 74 00 a3 8f 
78 00 a6 8f 25 f8 00 00 
25 10 00 00 20 00 44 30 
04 28 47 00 01 00 6a 30 
c0 47 06 00 42 18 03 00 
0b 28 04 00 01 00 42 24 
02 00 40 11 00 00 00 00 
21 f8 e5 03 25 18 03 01 
43 30 06 00 f3 ff 49 14 
00 00 00 00 30 00 a2 8f 
7d 01 40 18 00 00 00 00 
14 00 a2 8f 34 01 40 10 
00 00 00 00 10 00 a3 8f 
25 30 00 00 21 f8 7f 00 
a4 00 a3 8f 4c 00 b5 8f 
25 a0 00 00 25 10 00 00 
ff ff 0b 24 ff ff 0c 24 
21 c8 79 00 7c 00 c0 04 
00 00 00 00 25 50 00 00 
25 18 00 00 20 00 64 30 
04 28 6e 00 01 00 48 30 
c0 3f 06 00 42 10 02 00 
0b 28 04 00 01 00 63 24 
02 00 00 11 00 00 00 00 
21 50 45 01 25 10 e2 00 
43 30 06 00 f3 ff 69 14 
00 00 00 00 0e 01 76 15 
00 00 00 00 0c 01 80 15 
00 00 00 00 00 14 15 00 
03 14 02 00 c3 37 02 00 
00 01 c0 14 00 00 00 00 
fe 00 40 10 00 00 00 00 
01 00 0c 24 25 68 00 00 
f0 00 c0 04 00 00 00 00 
25 58 00 00 25 18 00 00 
20 00 64 30 04 28 77 00 
01 00 48 30 c0 3f 06 00 
42 10 02 00 0b 28 04 00 
01 00 63 24 02 00 00 11 
00 00 00 00 21 58 65 01 
25 10 e2 00 43 30 06 00 
f3 ff 69 14 00 00 00 00 
ec 00 96 15 00 00 00 00 
ea 00 a0 15 00 00 00 00 
20 00 a2 8f 36 00 40 10 
00 00 00 00 24 00 a2 8f 
21 68 eb 03 40 68 0d 00 
21 60 2a 03 21 68 a2 01 
18 00 a2 8f 40 60 0c 00 
21 60 82 01 1c 00 a2 8f 
10 00 af 8f 2b 88 a2 02 
2b 10 fe 01 23 00 40 10 
00 00 00 00 21 00 20 12 
00 00 00 00 00 00 82 85 
00 00 ab 85 c3 37 02 00 
ca 00 c0 14 00 00 00 00 
c8 00 40 10 00 00 00 00 
01 00 12 24 25 98 00 00 
b5 00 c0 04 00 00 00 00 
25 50 00 00 25 18 00 00 
20 00 64 30 04 28 6b 00 
01 00 48 30 c0 3f 06 00 
42 10 02 00 0b 28 04 00 
01 00 63 24 02 00 00 11 
00 00 00 00 21 50 45 01 
25 10 e2 00 43 30 06 00 
f3 ff 69 14 00 00 00 00 
a9 00 56 16 00 00 00 00 
a7 00 60 16 00 00 00 00 
21 80 0a 02 01 00 ef 25 
02 00 ad 25 02 00 8c 25 
d7 ff 0f 17 00 00 00 00 
14 00 a2 8f 01 00 94 26 
b9 00 82 12 00 00 00 00 
00 14 14 00 03 14 02 00 
c3 37 02 00 af 00 c0 14 
00 00 00 00 ad 00 40 10 
00 00 00 00 01 00 0b 24 
25 60 00 00 01 00 b5 26 
86 ff c1 04 00 00 00 00 
23 10 02 00 2b 18 02 00 
23 30 06 00 23 30 c3 00 
80 ff 00 10 00 00 00 00 
ff ff 0c 24 ff ff 0b 24 
5a fd 00 10 00 00 00 00 
ff ff 0b 24 ff ff 0a 24 
7d fd 00 10 00 00 00 00 
23 38 07 00 70 fd 00 10 
00 00 00 00 03 00 20 15 
00 00 00 00 b8 fd 40 15 
00 00 00 00 ff ff 0d 24 
ff ff 0c 24 b6 fd 00 10 
00 00 00 00 16 00 80 18 
00 00 00 00 01 00 0a 24 
25 48 00 00 01 00 05 24 
25 30 00 00 01 00 0c 24 
98 fd 00 10 00 00 00 00 
01 00 0e 24 01 00 04 24 
97 fd 00 10 00 00 00 00 
23 40 08 00 80 fd 00 10 
00 00 00 00 ff ff 0c 24 
ff ff 0b 24 ea fd 00 10 
00 00 00 00 23 48 09 00 
b5 fd 00 10 00 00 00 00 
00 00 02 3c 20 21 44 24 
25 28 80 00 04 00 ab 8c 
80 00 a4 af 20 21 42 8c 
00 00 04 3c 54 21 97 24 
25 28 80 00 5c 00 a4 af 
01 00 04 24 54 21 a2 ac 
04 00 eb ae 08 00 e4 ae 
0c 00 e4 ae 01 00 0e 24 
01 00 05 24 25 30 00 00 
01 00 0d 24 25 60 00 00 
89 fd 00 10 00 00 00 00 
e4 00 bf 8f e0 00 be 8f 
dc 00 b7 8f d8 00 b6 8f 
d4 00 b5 8f d0 00 b4 8f 
cc 00 b3 8f c8 00 b2 8f 
c4 00 b1 8f c0 00 b0 8f 
e8 00 bd 27 08 00 e0 03 
00 00 00 00 23 30 06 00 
dd fd 00 10 00 00 00 00 
ff ff 0b 24 ff ff 0a 24 
f9 fd 00 10 00 00 00 00 
04 00 40 14 00 00 00 00 
64 00 a2 8f eb fd 40 14 
00 00 00 00 48 00 a2 8f 
23 10 02 00 48 00 a2 af 
e6 fd 00 10 00 00 00 00 
ff ff 0a 24 ff ff 09 24 
13 fe 00 10 00 00 00 00 
80 00 a2 8f 40 00 a3 8f 
04 00 42 8c 01 00 63 24 
2b 10 62 00 40 00 a3 af 
d7 ff 40 10 00 00 00 00 
34 00 a3 8f 5c 00 a2 8f 
08 00 64 8c 7c 00 a3 8f 
54 21 42 8c 08 00 71 84 
0c 00 63 84 94 fd 00 10 
00 00 00 00 23 10 02 00 
f5 fd 00 10 00 00 00 00 
2c 00 a2 8f 23 10 02 00 
2c 00 a2 af 17 fe 00 10 
00 00 00 00 ff ff 0b 24 
ff ff 0a 24 4f fe 00 10 
00 00 00 00 4c 00 a2 8f 
23 10 02 00 4c 00 a2 af 
3f fe 00 10 00 00 00 00 
23 10 02 00 2b 18 02 00 
23 30 06 00 23 30 c3 00 
47 ff 00 10 00 00 00 00 
23 50 0a 00 58 ff 00 10 
00 00 00 00 23 10 02 00 
2b 18 02 00 23 30 06 00 
23 30 c3 00 0c ff 00 10 
00 00 00 00 ff ff 12 24 
ff ff 13 24 38 ff 00 10 
00 00 00 00 ff ff 0c 24 
ff ff 0d 24 02 ff 00 10 
00 00 00 00 23 58 0b 00 
15 ff 00 10 00 00 00 00 
23 50 0a 00 f3 fe 00 10 
00 00 00 00 ff ff 0b 24 
ff ff 0c 24 01 00 b5 26 
53 ff 00 10 00 00 00 00 
38 00 a2 8f 8c 00 a3 8f 
01 00 42 24 38 00 a2 af 
9a fe 43 14 00 00 00 00 
03 14 10 00 83 1a 10 00 
ff 7f 70 30 00 80 42 30 
25 10 02 02 94 00 a3 8f 
b4 00 a4 8f 00 00 70 84 
60 00 a3 8f 21 80 02 02 
01 00 63 24 25 28 60 00 
60 00 a3 af d3 07 00 0c 
00 00 00 00 b0 00 a2 8f 
25 28 00 02 b4 20 44 24 
d3 07 00 0c 00 00 00 00 
44 00 a2 8f 00 34 10 00 
03 34 06 00 00 00 46 a4 
a0 00 a2 8f 88 00 a5 8f 
b8 20 44 24 d3 07 00 0c 
00 00 00 00 34 00 a2 8f 
28 00 a3 8f 0c 00 42 8c 
01 00 63 24 2b 10 62 00 
28 00 a3 af 38 00 40 10 
00 00 00 00 28 00 a2 87 
c3 1f 02 00 20 00 60 14 
00 00 00 00 1e 00 40 10 
00 00 00 00 01 00 0a 24 
25 48 00 00 44 00 a4 8f 
02 00 84 24 44 00 a4 af 
25 fe 61 04 00 00 00 00 
23 10 02 00 2b 20 02 00 
23 18 03 00 23 18 64 00 
1f fe 00 10 00 00 00 00 
04 00 40 14 00 00 00 00 
68 00 a2 8f 73 fe 40 14 
00 00 00 00 23 c8 19 00 
70 fe 00 10 00 00 00 00 
04 00 40 14 00 00 00 00 
54 00 a2 8f 80 fe 40 14 
00 00 00 00 23 f8 1f 00 
7d fe 00 10 00 00 00 00 
ff ff 0a 24 ff ff 09 24 
e2 ff 00 10 00 00 00 00 
a8 00 a3 8f 23 10 02 00 
74 00 a3 af ac 00 a3 8f 
23 10 43 00 78 00 a2 af 
28 fe 00 10 00 00 00 00 
25 10 00 00 af ff 00 10 
00 00 00 00 10 00 a2 8f 
23 10 02 00 10 00 a2 af 
11 fe 00 10 00 00 00 00 
34 00 a2 8f 3c 00 a3 8f 
08 00 42 8c 01 00 63 24 
2b 10 62 00 3c 00 a3 af 
53 ff 40 10 00 00 00 00 
3c 00 a4 87 c3 2f 04 00 
0a 00 a0 14 00 00 00 00 
08 00 80 10 00 00 00 00 
01 00 07 24 25 30 00 00 
89 fd 00 10 00 00 00 00 
23 28 05 00 cd fd 00 10 
00 00 00 00 ff ff 07 24 
ff ff 06 24 82 fd 00 10 
00 00 00 00 60 ff bd 27 
00 00 02 3c 54 21 42 24 
84 00 b3 af 9c 00 bf af 
98 00 be af 94 00 b7 af 
90 00 b6 af 8c 00 b5 af 
88 00 b4 af 80 00 b2 af 
7c 00 b1 af 78 00 b0 af 
0c 00 51 8c 08 00 42 8c 
fe ff 25 26 25 18 40 00 
28 00 a2 af 02 00 a7 28 
00 00 02 3c 48 21 53 8c 
fe ff 64 24 fa 01 e0 14 
00 00 00 00 fc ff 22 26 
42 10 02 00 01 00 42 24 
00 14 02 00 03 14 02 00 
25 30 00 00 02 00 03 24 
25 48 00 00 25 40 00 00 
40 00 0b 24 c0 67 09 00 
01 00 c6 24 42 18 03 00 
20 00 cd 30 04 50 c2 00 
25 18 83 01 0b 50 0d 00 
01 00 6c 30 43 48 09 00 
0f 00 cb 10 00 00 00 00 
f4 ff 80 11 00 00 00 00 
c0 67 09 00 01 00 c6 24 
42 18 03 00 21 40 0a 01 
20 00 cd 30 04 50 c2 00 
25 18 83 01 0b 50 0d 00 
01 00 6c 30 43 48 09 00 
f3 ff cb 14 00 00 00 00 
02 00 8a 28 d7 01 40 15 
00 00 00 00 28 00 a2 8f 
fc ff 42 24 42 10 02 00 
01 00 42 24 00 14 02 00 
03 14 02 00 25 30 00 00 
02 00 03 24 25 48 00 00 
25 58 00 00 40 00 0d 24 
c0 77 09 00 01 00 c6 24 
42 18 03 00 20 00 cf 30 
04 60 c2 00 25 18 c3 01 
0b 60 0f 00 01 00 6e 30 
43 48 09 00 0f 00 cd 10 
00 00 00 00 f4 ff c0 11 
00 00 00 00 c0 77 09 00 
01 00 c6 24 42 18 03 00 
21 58 6c 01 20 00 cf 30 
04 60 c2 00 25 18 c3 01 
0b 60 0f 00 01 00 6e 30 
43 48 09 00 f3 ff cd 14 
00 00 00 00 28 00 a2 87 
00 74 11 00 c3 1f 02 00 
03 74 0e 00 b0 01 60 14 
00 00 00 00 ae 01 40 10 
00 00 00 00 01 00 0f 24 
25 90 00 00 05 00 61 04 
00 00 00 00 23 10 02 00 
2b 30 02 00 23 18 03 00 
23 18 66 00 25 30 00 00 
25 48 00 00 40 00 18 24 
20 00 2d 31 04 60 2e 01 
01 00 50 30 c0 cf 03 00 
42 10 02 00 0b 60 0d 00 
01 00 29 25 02 00 00 12 
00 00 00 00 21 30 cc 00 
25 10 22 03 43 18 03 00 
f3 ff 38 15 00 00 00 00 
01 00 02 24 de 01 e2 15 
00 00 00 00 dc 01 40 16 
00 00 00 00 d5 01 e0 14 
00 00 00 00 fc ff 22 26 
42 10 02 00 01 00 47 24 
02 00 42 24 10 00 a2 af 
c9 01 40 15 00 00 00 00 
28 00 a2 8f fc ff 42 24 
42 10 02 00 01 00 43 24 
02 00 42 24 24 00 a2 af 
bd 01 a8 10 00 00 00 00 
02 00 e2 24 10 00 a2 af 
02 00 62 24 24 00 a2 af 
10 00 a3 87 24 00 a2 87 
25 20 60 00 30 00 a3 af 
c3 27 04 00 c3 1f 02 00 
34 00 a4 af 76 01 60 14 
00 00 00 00 74 01 40 10 
00 00 00 00 01 00 0a 24 
25 48 00 00 05 00 61 04 
00 00 00 00 23 10 02 00 
2b 20 02 00 23 18 03 00 
23 18 64 00 25 20 00 00 
25 28 00 00 40 00 0b 24 
30 00 a7 8f 20 00 a8 30 
04 38 a7 00 01 00 4d 30 
c0 67 03 00 42 10 02 00 
0b 38 08 00 01 00 a5 24 
02 00 a0 11 00 00 00 00 
21 20 87 00 25 10 82 01 
43 18 03 00 f2 ff ab 14 
00 00 00 00 01 00 02 24 
8e 01 42 15 00 00 00 00 
8c 01 20 15 00 00 00 00 
00 00 02 3c 20 21 42 24 
64 00 a2 af 04 00 42 8c 
38 01 40 10 00 00 00 00 
00 14 06 00 03 14 02 00 
c3 1f 02 00 48 00 a2 af 
40 00 a3 af 4c 00 a2 af 
50 00 a3 af 08 00 61 04 
00 00 00 00 23 18 02 00 
40 00 a2 8f 2b 28 03 00 
23 10 02 00 23 10 45 00 
4c 00 a3 af 50 00 a2 af 
00 14 04 00 03 14 02 00 
c3 1f 02 00 44 00 a2 af 
3c 00 a3 af 54 00 a2 af 
58 00 a3 af 08 00 61 04 
00 00 00 00 23 18 02 00 
3c 00 a2 8f 2b 20 03 00 
23 10 02 00 23 10 44 00 
54 00 a3 af 58 00 a2 af 
30 00 a2 8f 00 00 04 3c 
23 10 02 00 2b 18 02 00 
68 00 a2 af 34 00 a2 8f 
25 90 00 00 23 10 02 00 
1c 00 a4 af 23 10 43 00 
00 00 04 3c 25 a0 c0 01 
2c 00 a0 af 25 70 40 02 
20 00 a4 af 6c 00 a2 af 
25 90 20 02 54 00 a3 8f 
58 00 a6 8f 2c 00 aa 8f 
25 58 00 00 25 10 00 00 
40 00 09 24 20 00 44 30 
04 28 4a 00 01 00 68 30 
c0 3f 06 00 42 18 03 00 
0b 28 04 00 01 00 42 24 
02 00 00 11 00 00 00 00 
21 58 65 01 25 18 e3 00 
43 30 06 00 f3 ff 49 14 
00 00 00 00 3c 00 a2 8f 
38 00 ab af 33 01 40 18 
00 00 00 00 4c 00 a3 8f 
50 00 a6 8f 2c 00 aa 8f 
25 58 00 00 25 10 00 00 
40 00 09 24 20 00 44 30 
04 28 4a 00 01 00 68 30 
c0 3f 06 00 42 18 03 00 
0b 28 04 00 01 00 42 24 
02 00 00 11 00 00 00 00 
21 58 65 01 25 18 e3 00 
43 30 06 00 f3 ff 49 14 
00 00 00 00 40 00 a2 8f 
14 00 ab af 11 01 40 18 
00 00 00 00 30 00 a2 8f 
68 00 a6 8f 25 28 40 00 
34 00 a2 8f 25 b0 00 00 
25 20 40 00 00 00 43 28 
25 10 60 00 0b 28 c3 00 
25 18 80 00 6c 00 a4 8f 
5c 00 a5 af 0b 18 82 00 
60 00 a3 af 25 80 c0 01 
5c 00 a3 8f 60 00 a6 8f 
25 40 00 00 25 10 00 00 
40 00 0a 24 20 00 44 30 
04 28 56 00 01 00 69 30 
c0 3f 06 00 42 18 03 00 
0b 28 04 00 01 00 42 24 
02 00 20 11 00 00 00 00 
21 40 05 01 25 18 e3 00 
43 30 06 00 f3 ff 4a 14 
00 00 00 00 34 00 a2 8f 
e4 00 40 18 00 00 00 00 
25 18 00 00 02 00 02 24 
25 28 00 00 25 b8 00 00 
40 00 09 24 c0 37 05 00 
01 00 63 24 42 10 02 00 
20 00 67 30 04 20 76 00 
25 10 c2 00 0b 20 07 00 
01 00 46 30 43 28 05 00 
0f 00 69 10 00 00 00 00 
f4 ff c0 10 00 00 00 00 
c0 37 05 00 01 00 63 24 
42 10 02 00 21 b8 e4 02 
20 00 67 30 04 20 76 00 
25 10 c2 00 0b 20 07 00 
01 00 46 30 43 28 05 00 
f3 ff 69 14 00 00 00 00 
38 00 a2 8f 28 00 b5 8f 
21 10 48 00 70 00 b6 af 
18 00 a2 af 25 48 00 00 
25 88 00 00 02 00 1e 24 
25 b0 00 02 25 18 00 00 
02 00 02 24 25 28 00 00 
25 58 00 00 40 00 08 24 
c0 37 05 00 01 00 63 24 
42 10 02 00 20 00 67 30 
04 20 71 00 25 10 c2 00 
0b 20 07 00 01 00 46 30 
43 28 05 00 0f 00 68 10 
00 00 00 00 f4 ff c0 10 
00 00 00 00 c0 37 05 00 
01 00 63 24 42 10 02 00 
21 58 64 01 20 00 67 30 
04 20 71 00 25 10 c2 00 
0b 20 07 00 01 00 46 30 
43 28 05 00 f3 ff 68 14 
00 00 00 00 18 00 a2 8f 
25 68 e0 02 21 80 22 01 
14 00 a2 8f 40 80 10 00 
21 f8 4b 00 21 80 70 02 
25 60 00 00 01 00 19 24 
40 00 0a 24 00 14 0d 00 
03 14 02 00 c3 37 02 00 
89 00 c0 14 00 00 00 00 
87 00 40 10 00 00 00 00 
01 00 07 24 25 40 00 00 
73 00 c0 04 00 00 00 00 
25 78 00 00 25 18 00 00 
20 00 64 30 04 28 74 00 
01 00 4e 30 c0 4f 06 00 
42 10 02 00 0b 28 04 00 
01 00 63 24 02 00 c0 11 
00 00 00 00 21 78 e5 01 
25 10 22 01 43 30 06 00 
f3 ff 6a 14 00 00 00 00 
6e 00 f9 14 00 00 00 00 
6c 00 00 15 00 00 00 00 
21 10 ef 03 40 10 02 00 
21 10 53 00 25 28 60 01 
01 00 04 24 2b 38 b5 01 
2b 18 b2 00 01 00 86 24 
0a 00 60 10 00 00 00 00 
08 00 e0 10 00 00 00 00 
00 00 48 84 00 00 03 86 
2a 18 68 00 62 00 60 14 
00 00 00 00 52 00 99 10 
00 00 00 00 52 00 9e 14 
00 00 00 00 01 00 82 25 
ff ff 42 30 00 64 02 00 
01 00 ad 25 03 64 0c 00 
c6 ff 44 14 00 00 00 00 
1c 00 a2 8f 01 00 d6 26 
25 28 c0 02 b0 20 44 24 
d3 07 00 0c 00 00 00 00 
20 00 a2 8f 00 00 05 86 
b4 20 44 24 01 00 31 26 
d3 07 00 0c 00 00 00 00 
00 8c 11 00 10 00 a2 8f 
03 8c 11 00 2b 10 22 02 
25 48 20 02 8b ff 40 14 
00 00 00 00 25 80 c0 02 
70 00 b6 8f 24 00 a2 8f 
01 00 d6 26 00 b4 16 00 
03 b4 16 00 2b 10 c2 02 
45 ff 40 14 00 00 00 00 
2c 00 a2 8f 25 70 00 02 
01 00 43 24 64 00 a2 8f 
00 1c 03 00 04 00 42 8c 
03 1c 03 00 2b 10 62 00 
2c 00 a3 af fb fe 40 14 
00 00 00 00 9c 00 bf 8f 
98 00 be 8f 94 00 b7 8f 
90 00 b6 8f 8c 00 b5 8f 
88 00 b4 8f 84 00 b3 8f 
80 00 b2 8f 7c 00 b1 8f 
78 00 b0 8f a0 00 bd 27 
08 00 e0 03 00 00 00 00 
25 10 00 00 0a fe 00 10 
00 00 00 00 25 10 00 00 
2e fe 00 10 00 00 00 00 
ff ff 0f 24 ff ff 12 24 
52 fe 00 10 00 00 00 00 
ff ff 0a 24 ff ff 09 24 
8c fe 00 10 00 00 00 00 
23 10 02 00 2b 18 02 00 
23 30 06 00 23 30 c3 00 
89 ff 00 10 00 00 00 00 
0d 00 80 11 00 00 00 00 
01 00 a5 24 ff ff c4 30 
02 00 42 24 9c ff 00 10 
00 00 00 00 23 78 0f 00 
93 ff 00 10 00 00 00 00 
ff ff 07 24 ff ff 08 24 
79 ff 00 10 00 00 00 00 
00 00 08 a6 9f ff 00 10 
00 00 00 00 04 00 40 14 
00 00 00 00 30 00 a2 8f 
19 ff 40 14 00 00 00 00 
23 40 08 00 16 ff 00 10 
00 00 00 00 04 00 40 14 
00 00 00 00 48 00 a2 8f 
ec fe 40 14 00 00 00 00 
14 00 a2 8f 23 10 02 00 
14 00 a2 af e7 fe 00 10 
00 00 00 00 04 00 40 14 
00 00 00 00 44 00 a2 8f 
ca fe 40 14 00 00 00 00 
38 00 a2 8f 23 10 02 00 
38 00 a2 af c5 fe 00 10 
00 00 00 00 23 20 04 00 
73 fe 00 10 00 00 00 00 
43 fe 8b 14 00 00 00 00 
45 fe 00 10 00 00 00 00 
01 00 02 24 24 00 a2 af 
25 18 00 00 3a fe 00 10 
00 00 00 00 01 00 02 24 
10 00 a2 af 25 38 00 00 
2d fe 00 10 00 00 00 00 
23 30 06 00 23 fe 00 10 
00 00 00 00 10 00 ac 8f 
14 00 ad 8f 4c 00 80 04 
00 00 00 00 25 78 00 00 
61 00 0e 24 41 00 02 24 
0b 70 46 00 25 58 80 01 
01 00 0a 24 ff ff 09 24 
f6 ff ce 25 25 40 00 00 
1f 00 03 24 25 10 00 00 
04 38 6a 00 24 30 87 00 
06 30 66 00 40 10 02 00 
25 10 c2 00 2b 30 45 00 
ff ff 63 24 03 00 c0 14 
00 00 00 00 23 10 45 00 
25 40 07 01 f4 ff 69 14 
00 00 00 00 0a 00 43 2c 
25 20 00 01 01 00 6b 25 
2a 00 60 10 00 00 00 00 
30 00 42 24 00 16 02 00 
03 16 02 00 ff ff 62 a1 
e6 ff 00 1d 00 00 00 00 
23 10 6c 01 2b 18 4d 00 
08 00 60 10 00 00 00 00 
23 10 a2 01 21 10 62 01 
30 00 03 24 01 00 6b 25 
ff ff 63 a1 fd ff 62 15 
00 00 00 00 04 00 e0 11 
00 00 00 00 2d 00 02 24 
00 00 62 a1 01 00 6b 25 
23 10 6c 01 42 38 02 00 
00 00 60 a1 0d 00 e0 10 
00 00 00 00 ff ff 44 24 
25 18 80 01 21 20 84 01 
21 38 87 01 00 00 86 80 
00 00 65 80 00 00 66 a0 
01 00 63 24 00 00 85 a0 
ff ff 84 24 f9 ff e3 14 
00 00 00 00 08 00 e0 03 
00 00 00 00 21 10 c2 01 
00 16 02 00 03 16 02 00 
d6 ff 00 10 00 00 00 00 
b4 ff e0 14 00 00 00 00 
23 20 04 00 01 00 0f 24 
b1 ff 00 10 00 00 00 00 
a8 ff bd 27 25 c0 80 00 
25 c8 c0 00 50 00 b7 af 
4c 00 b6 af 48 00 b5 af 
44 00 b4 af 40 00 b3 af 
3c 00 b2 af 38 00 b1 af 
34 00 b0 af 54 00 bf af 
25 88 a0 00 25 b8 e0 00 
25 98 80 00 25 80 00 00 
25 00 12 24 30 00 14 24 
64 00 15 24 ff ff b6 24 
00 00 23 83 0f 00 60 10 
00 00 00 00 01 00 02 26 
2b 10 51 00 0b 00 40 10 
00 00 00 00 16 00 72 10 
00 00 00 00 00 00 03 a3 
01 00 00 a3 01 00 39 27 
00 00 23 83 01 00 18 27 
23 80 13 03 f3 ff 60 14 
00 00 00 00 54 00 bf 8f 
25 10 00 02 50 00 b7 8f 
4c 00 b6 8f 48 00 b5 8f 
44 00 b4 8f 40 00 b3 8f 
3c 00 b2 8f 38 00 b1 8f 
34 00 b0 8f 58 00 bd 27 
08 00 e0 03 00 00 00 00 
01 00 26 83 3e 00 d4 10 
00 00 00 00 02 00 39 27 
25 10 00 00 47 00 d5 10 
00 00 00 00 65 00 c3 28 
0f 00 60 10 00 00 00 00 
58 00 03 24 66 00 c3 10 
00 00 00 00 63 00 02 24 
5b 00 c2 10 00 00 00 00 
e2 ff c0 10 00 00 00 00 
00 00 06 a3 01 00 00 a3 
01 00 18 27 23 80 13 03 
cb ff 00 10 00 00 00 00 
75 00 03 24 33 00 c3 10 
00 00 00 00 78 00 03 24 
55 00 c3 10 00 00 00 00 
73 00 02 24 f2 ff c2 14 
00 00 00 00 00 00 e2 8e 
04 00 e8 26 00 00 43 80 
17 00 60 10 00 00 00 00 
01 00 43 24 25 20 00 00 
01 00 63 24 ff ff 65 80 
01 00 84 24 fc ff a0 14 
00 00 00 00 23 28 d0 02 
2b 18 85 00 0a 20 a3 00 
0b 00 80 10 00 00 00 00 
25 18 00 03 21 30 44 00 
00 00 45 80 01 00 42 24 
00 00 65 a0 01 00 63 24 
fb ff c2 14 00 00 00 00 
21 c0 04 03 23 80 13 03 
00 00 00 a3 25 b8 00 01 
a3 ff 00 10 00 00 00 00 
02 00 22 83 b1 ff 40 10 
00 00 00 00 d0 ff 42 24 
ff 00 42 30 0a 00 43 2c 
0a 10 03 00 03 00 26 83 
00 16 02 00 03 16 02 00 
04 00 39 27 bb ff d5 14 
00 00 00 00 00 00 e4 8e 
75 00 c6 38 14 00 a2 af 
18 00 a2 27 01 00 c7 2c 
10 00 a2 af 25 30 00 00 
0a 00 05 24 9d 06 00 0c 
00 00 00 00 23 20 d0 02 
2b 18 44 00 0a 10 83 00 
04 00 f7 26 0b 00 40 10 
00 00 00 00 25 18 00 03 
18 00 a4 27 21 c0 02 03 
00 00 82 90 01 00 63 24 
ff ff 62 a0 01 00 84 24 
fb ff 03 17 00 00 00 00 
23 80 13 03 00 00 00 a3 
79 ff 00 10 00 00 00 00 
00 00 e2 8e 01 00 18 27 
ff ff 02 a3 00 00 00 a3 
04 00 f7 26 23 80 13 03 
71 ff 00 10 00 00 00 00 
00 00 e4 8e 58 00 c6 38 
14 00 a2 af 18 00 a2 27 
10 00 a2 af 01 00 07 24 
01 00 c6 2c 10 00 05 24 
9d 06 00 0c 00 00 00 00 
23 20 d0 02 2b 18 44 00 
0a 10 83 00 04 00 f7 26 
e6 ff 40 10 00 00 00 00 
25 18 00 03 18 00 a4 27 
21 c0 02 03 00 00 82 90 
01 00 63 24 ff ff 62 a0 
01 00 84 24 fb ff 03 17 
00 00 00 00 23 80 13 03 
da ff 00 10 00 00 00 00 
e0 ff bd 27 2c 00 a2 27 
2c 00 a7 af 25 38 40 00 
1c 00 bf af 10 00 a2 af 
f2 06 00 0c 00 00 00 00 
1c 00 bf 8f 20 00 bd 27 
08 00 e0 03 00 00 00 00 
00 00 86 80 01 00 85 24 
0f 00 c0 10 00 00 00 00 
00 00 02 3c 4c 21 43 8c 
08 00 62 8c 08 00 42 30 
fd ff 40 14 00 00 00 00 
23 10 a4 00 04 00 66 ac 
01 00 a5 24 ff ff a6 80 
f7 ff c0 14 00 00 00 00 
08 00 e0 03 00 00 00 00 
25 10 00 00 08 00 e0 03 
00 00 00 00 e0 ff bd 27 
24 00 a2 27 18 00 b0 af 
00 00 10 3c 24 00 a5 af 
28 00 a6 af 2c 00 a7 af 
25 30 80 00 25 38 40 00 
00 01 05 24 64 21 04 26 
1c 00 bf af 10 00 a2 af 
f2 06 00 0c 00 00 00 00 
64 21 06 82 0e 00 c0 10 
00 00 00 00 00 00 03 3c 
00 00 05 3c 4c 21 64 8c 
65 21 a5 24 08 00 83 8c 
08 00 63 30 fd ff 60 14 
00 00 00 00 04 00 86 ac 
01 00 a5 24 ff ff a6 80 
f8 ff c0 14 00 00 00 00 
1c 00 bf 8f 18 00 b0 8f 
20 00 bd 27 08 00 e0 03 
00 00 00 00 00 00 02 3c 
50 21 42 8c 00 00 42 8c 
08 00 e0 03 00 00 00 00 
00 00 02 3c 50 21 42 8c 
00 00 42 8c 00 00 82 ac 
08 00 e0 03 00 00 00 00 
00 00 02 3c 50 21 42 8c 
00 00 83 8c 00 00 42 8c 
23 10 43 00 00 00 82 ac 
08 00 e0 03 00 00 00 00 
e0 ff bd 27 10 00 a4 27 
1c 00 bf af 10 00 a0 af 
fc 07 00 0c 00 00 00 00 
00 00 04 3c d4 20 84 24 
d3 07 00 0c 00 00 00 00 
47 00 00 0c 00 00 00 00 
00 00 04 3c ec 20 84 24 
d3 07 00 0c 00 00 00 00 
37 04 00 0c 00 00 00 00 
10 00 a5 8f 00 00 04 3c 
00 21 84 24 d3 07 00 0c 
00 00 00 00 1c 00 bf 8f 
25 10 00 00 20 00 bd 27 
08 00 e0 03 00 00 00 00 
00 00 20 01 01 01 00 01 
00 00 00 00 00 00 00 00 
01 00 00 00 00 00 00 00 
25 64 3a 00 25 64 0a 00 
6f 75 74 70 75 74 5f 6f 
66 66 73 65 74 3d 25 64 
20 6f 75 74 3d 25 64 0a 
00 00 00 00 73 74 61 72 
74 69 6e 67 20 63 6f 6e 
76 6f 6c 75 74 69 6f 6e 
0a 00 00 00 73 74 61 72 
74 69 6e 67 20 70 6f 6f 
6c 69 6e 67 0a 00 00 00 
43 79 63 6c 65 20 63 6e 
74 3d 25 75 0a 00 00 00 
14 00 00 00 01 00 00 00 
05 00 00 00 05 00 00 00 
01 00 00 00 14 00 00 00 
0c 00 00 00 0c 00 00 00 
01 00 00 00 01 00 00 00 
1c 00 00 00 1c 00 00 00 
90 8f 0d 08 00 00 00 08 
90 96 0d 08 00 00 01 40 
00 00 02 40 
0x0000: 0x241d4000 0x08000004 0x00000000 0xffffffff
0x0010: 0x0c00080a 0x00000000 0x0c000015 0x00000000
0x0020: 0x3c020000 0xac44000c 0x1000ffff 0x00000000
0x0030: 0x14800006 0x00000000 0x24030001 0x3c020000
0x0040: 0xac43000c 0x1000ffff 0x00000000 0x03e00008
0x0050: 0x00000000 0x3c020000 0xac40000c 0x1000ffff
0x0060: 0x00000000 0x000547c3 0x15000022 0x00000000
0x0070: 0x10a00020 0x00000000 0x240c0001 0x00006825
0x0080: 0x05000020 0x00000000 0x00001025 0x00001825
0x0090: 0x240b0040 0x30660020 0x00643804 0x30aa0001
0x00a0: 0x00084fc0 0x00052842 0x0006380b 0x24630001
0x00b0: 0x11400002 0x00000000 0x00471021 0x01252825
0x00c0: 0x00084043 0x146bfff3 0x00000000 0x24030001
0x00d0: 0x15830005 0x00000000 0x15a00003 0x00000000
0x00e0: 0x03e00008 0x00000000 0x00021023 0x03e00008
0x00f0: 0x00000000 0x240cffff 0x240dffff 0x0501ffe2
0x0100: 0x00000000 0x00052823 0x0005102b 0x00084023
0x0110: 0x01024023 0x1000ffdc 0x00000000 0x27bdff18
0x0120: 0x3c020000 0x24422110 0xafbf00e4 0xafbe00e0
0x0130: 0xafb700dc 0xafb600d8 0xafb500d4 0xafb400d0
0x0140: 0xafb300cc 0xafb200c8 0xafb100c4 0xafb000c0
0x0150: 0x00401825 0x8c46000c 0x3c050000 0xafa2007c
0x0160: 0x3c020000 0x24a42140 0x24422130 0x8ca52140
0x0170: 0x8c53000c 0x8c420008 0x8c710008 0xafa50024
0x0180: 0x00061c00 0x8c850004 0x8c840008 0x00403825
0x0190: 0x00031c03 0xafa2001c 0xafa40084 0x000317c3
0x01a0: 0x00f12023 0x00118c00 0xafa50018 0x02663023
0x01b0: 0x00118c03 0x144002a8 0x00000000 0x106002a6
0x01c0: 0x00000000 0x240c0001 0x00005825 0x00602825
0x01d0: 0x04410005 0x00000000 0x00032823 0x0005382b
0x01e0: 0x00021023 0x00471023 0x00003825 0x00004025
0x01f0: 0x240d0040 0x310a0020 0x01114804 0x30af0001
0x0200: 0x000277c0 0x00052842 0x000a480b 0x25080001
0x0210: 0x11e00002 0x00000000 0x00e93821 0x01c52825
0x0220: 0x00021043 0x150dfff3 0x00000000 0x24020001
0x0230: 0x15820291 0x00000000 0x1560028f 0x00000000
0x0240: 0x0013f400 0x001ef403 0x001e47c3 0x87ac001c
0x0250: 0x15000285 0x00000000 0x13c00283 0x00000000
0x0260: 0x240b0001 0x00005025 0x03c01025 0x01002825
0x0270: 0x05010005 0x00000000 0x001e1023 0x0002282b
0x0280: 0x00084023 0x01052823 0x00004025 0x00004825
0x0290: 0x240f0040 0x312e0020 0x012c6804 0x30590001
0x02a0: 0x0005c7c0 0x00021042 0x000e680b 0x25290001
0x02b0: 0x13200002 0x00000000 0x010d4021 0x03021025
0x02c0: 0x00052843 0x152ffff3 0x00000000 0x24020001
0x02d0: 0x15620281 0x00000000 0x1540027f 0x00000000
0x02e0: 0x18c00270 0x00000000 0x24cc0001 0x000c5400
0x02f0: 0x000a5403 0x000a4fc3 0x01402825 0x01201025
0x0300: 0x05210005 0x00000000 0x000a2823 0x0005302b
0x0310: 0x00091023 0x00461023 0x00403025 0x1880026a
0x0320: 0x00000000 0x24840001 0x00047400 0x000e7403
0x0330: 0x3c020000 0x244b2120 0x01607825 0xafab0080
0x0340: 0x3c0b0000 0x01606825 0xafab005c 0x8c422120
0x0350: 0x8deb0004 0x25b72154 0xada22154 0xaeeb0004
0x0360: 0xaee40008 0xaeec000c 0x19200246 0x00000000
0x0370: 0x240d0001 0x00006025 0x00005025 0x00004825
0x0380: 0x24120040 0x31580020 0x014e7804 0x30b00001
0x0390: 0x0006cfc0 0x00052842 0x0018780b 0x254a0001
0x03a0: 0x12000002 0x00000000 0x012f4821 0x03252825
0x03b0: 0x00063043 0x1552fff3 0x00000000 0x24050001
0x03c0: 0x15a5024c 0x00000000 0x1580024a 0x00000000
0x03d0: 0x11600261 0x00000000 0x00092c00 0x00052c03
0x03e0: 0x000537c3 0xafa50064 0xafa60050 0xafa5006c
0x03f0: 0xafa60070 0x04c10008 0x00000000 0x00053023
0x0400: 0x8fa50050 0x0006482b 0x00052823 0x00a92823
0x0410: 0xafa6006c 0xafa50070 0x24e70001 0x00072c00
0x0420: 0x00052c03 0x000537c3 0xafa50068 0x00083c00
0x0430: 0x00052823 0x00073c03 0xafa60058 0xafa500b8
0x0440: 0x00063023 0x0005282b 0xafa70054 0x00c52823
0x0450: 0x00073fc3 0xafb70034 0xafa70030 0x03c0b825
0x0460: 0xafa00060 0xafa00040 0xafa500bc 0x0260f025
0x0470: 0x00021400 0x00021403 0x00022fc3 0x87aa0040
0x0480: 0x14a00218 0x00000000 0x10400216 0x00000000
0x0490: 0x240c0001 0x00005825 0x04a10005 0x00000000
0x04a0: 0x00021023 0x0002302b 0x00052823 0x00a62823
0x04b0: 0x00003025 0x00003825 0x240d0040 0x30e90020
0x04c0: 0x00ea4004 0x304f0001 0x000577c0 0x00021042
0x04d0: 0x0009400b 0x24e70001 0x11e00002 0x00000000
0x04e0: 0x00c83021 0x01c21025 0x00052843 0x14edfff3
0x04f0: 0x00000000 0x24020001 0x15820224 0x00000000
0x0500: 0x15600222 0x00000000 0x8fa5006c 0x8fa70070
0x0510: 0x00006025 0x00001025 0x240b0040 0x30490020
0x0520: 0x004a4004 0x30ae0001 0x00076fc0 0x00052842
0x0530: 0x0009400b 0x24420001 0x11c00002 0x00000000
0x0540: 0x01886021 0x01a52825 0x00073843 0x144bfff3
0x0550: 0x00000000 0x8fa20050 0xafac0048 0x18400212
0x0560: 0x00000000 0x00063400 0x000317c3 0x00063403
0x0570: 0x14400209 0x00000000 0x10600207 0x00000000
0x0580: 0x240b0001 0x00005025 0x00602825 0x04410005
0x0590: 0x00000000 0x00032823 0x0005382b 0x00021823
0x05a0: 0x00671023 0x00401825 0x00003825 0x00001025
0x05b0: 0x240c0040 0x30e90020 0x00f14004 0x30ae0001
0x05c0: 0x00036fc0 0x00052842 0x0009400b 0x24e70001
0x05d0: 0x11c00002 0x00000000 0x00481021 0x01a52825
0x05e0: 0x00031843 0x14ecfff3 0x00000000 0x24030001
0x05f0: 0x1563020c 0x00000000 0x1540020a 0x00000000
0x0600: 0x24420001 0x00021400 0x00021403 0x00021fc3
0x0610: 0x146001ef 0x00000000 0x104001ed 0x00000000
0x0620: 0x240a0001 0x00004825 0x04610005 0x00000000
0x0630: 0x00021023 0x0002282b 0x00031823 0x00651823
0x0640: 0x00006025 0x00002825 0x240b0040 0x30a80020
0x0650: 0x00a63804 0x304e0001 0x00036fc0 0x00021042
0x0660: 0x0008380b 0x24a50001 0x11c00002 0x00000000
0x0670: 0x01876021 0x01a21025 0x00031843 0x14abfff3
0x0680: 0x00000000 0x24020001 0xafac002c 0x154201e8
0x0690: 0x00000000 0x152001e6 0x00000000 0x108001d0
0x06a0: 0x00000000 0x8fa2002c 0x8fa30018 0x00021040
0x06b0: 0x00621021 0xafa20094 0x3c020000 0xafa200b0
0x06c0: 0x3c020000 0x244220b0 0xafa0003c 0x00002025
0x06d0: 0x00002825 0x2407ffff 0x2406ffff 0xafa200b4
0x06e0: 0x00801025 0x00a01825 0x04a10005 0x00000000
0x06f0: 0x00041023 0x0002182b 0x00052823 0x00a31823
0x0700: 0x00006025 0x00002825 0x240b0001 0x240a0040
0x0710: 0x30a90020 0x00ab4004 0x304e0001 0x00036fc0
0x0720: 0x00021042 0x0009400b 0x24a50001 0x11c00002
0x0730: 0x00000000 0x01886021 0x01a21025 0x00031843
0x0740: 0x14aafff3 0x00000000 0x24020001 0xafac004c
0x0750: 0x14e201c0 0x00000000 0x14c001be 0x00000000
0x0760: 0x8fa20034 0x8c49000c 0x00091400 0x00021403
0x0770: 0x00021fc3 0x146001b3 0x00000000 0x104001b1
0x0780: 0x00000000 0x240b0001 0x00005025 0x04610005
0x0790: 0x00000000 0x00021023 0x0002282b 0x00031823
0x07a0: 0x00651823 0x00002825 0x00003025 0x240c0040
0x07b0: 0x30c80020 0x00c43804 0x304e0001 0x00036fc0
0x07c0: 0x00021042 0x0008380b 0x24c60001 0x11c00002
0x07d0: 0x00000000 0x00a72821 0x01a21025 0x00031843
0x07e0: 0x14ccfff3 0x00000000 0x24020001 0x15620234
0x07f0: 0x00000000 0x15400232 0x00000000 0x1120021e
0x0800: 0x00000000 0x8fa30054 0x8fa20048 0x00031823
0x0810: 0x00451021 0x00602025 0xafa300a8 0x8fa30084
0x0820: 0xafa20090 0x00021040 0x00431021 0x3c050000
0x0830: 0x0004202b 0x00001825 0xafa20044 0xafa00028
0x0840: 0x00001025 0x240affff 0x2409ffff 0xafa500a0
0x0850: 0x24160001 0xafa400ac 0x046001dd 0x00000000
0x0860: 0x00006025 0x00002025 0x240b0040 0x30850020
0x0870: 0x00963004 0x30480001 0x00033fc0 0x00021042
0x0880: 0x0005300b 0x24840001 0x11000002 0x00000000
0x0890: 0x01866021 0x00e21025 0x00031843 0x148bfff3
0x08a0: 0x00000000 0xafac0010 0x155601ee 0x00000000
0x08b0: 0x152001ec 0x00000000 0x8fa2005c 0x8fa30028
0x08c0: 0x8fa40090 0x8c422154 0x00641821 0xafa2008c
0x08d0: 0xafa30088 0x104001e0 0x00000000 0x8fa20054
0x08e0: 0xafa20074 0x8fa20030 0xafa20078 0x044001d2
0x08f0: 0x00000000 0x8fa6007c 0x00008025 0x8cc2000c
0x0900: 0x8cc60008 0x00402825 0xafa20020 0x8fa20068
0x0910: 0xafa60014 0x00403825 0x8fa20058 0x00e03025
0x0920: 0x8fa700b8 0x00402025 0x28430000 0x00601025
0x0930: 0x00e3300b 0x00801825 0x8fa400bc 0x00057400
0x0940: 0x0082180b 0xafa3009c 0x8fa3002c 0xafa60098
0x0950: 0x24630001 0xafa300a4 0x8fa30010 0x000e7403
0x0960: 0xafa00038 0x24090040 0x0065c021 0x87a70038
0x0970: 0x8fa30098 0x8fa6009c 0x0000c825 0x00001025
0x0980: 0x30440020 0x00472804 0x306a0001 0x000647c0
0x0990: 0x00031842 0x0004280b 0x24420001 0x11400002
0x09a0: 0x00000000 0x0325c821 0x01031825 0x00063043
0x09b0: 0x1449fff3 0x00000000 0x8fa20058 0x1840018a
0x09c0: 0x00000000 0x8fa30074 0x8fa60078 0x0000f825
0x09d0: 0x00001025 0x30440020 0x00472804 0x306a0001
0x09e0: 0x000647c0 0x00031842 0x0004280b 0x24420001
0x09f0: 0x11400002 0x00000000 0x03e5f821 0x01031825
0x0a00: 0x00063043 0x1449fff3 0x00000000 0x8fa20030
0x0a10: 0x1840017d 0x00000000 0x8fa20014 0x10400134
0x0a20: 0x00000000 0x8fa30010 0x00003025 0x007ff821
0x0a30: 0x8fa300a4 0x8fb5004c 0x0000a025 0x00001025
0x0a40: 0x240bffff 0x240cffff 0x0079c821 0x04c0007c
0x0a50: 0x00000000 0x00005025 0x00001825 0x30640020
0x0a60: 0x006e2804 0x30480001 0x00063fc0 0x00021042
0x0a70: 0x0004280b 0x24630001 0x11000002 0x00000000
0x0a80: 0x01455021 0x00e21025 0x00063043 0x1469fff3
0x0a90: 0x00000000 0x1576010e 0x00000000 0x1580010c
0x0aa0: 0x00000000 0x00151400 0x00021403 0x000237c3
0x0ab0: 0x14c00100 0x00000000 0x104000fe 0x00000000
0x0ac0: 0x240c0001 0x00006825 0x04c000f0 0x00000000
0x0ad0: 0x00005825 0x00001825 0x30640020 0x00772804
0x0ae0: 0x30480001 0x00063fc0 0x00021042 0x0004280b
0x0af0: 0x24630001 0x11000002 0x00000000 0x01655821
0x0b00: 0x00e21025 0x00063043 0x1469fff3 0x00000000
0x0b10: 0x159600ec 0x00000000 0x15a000ea 0x00000000
0x0b20: 0x8fa20020 0x10400036 0x00000000 0x8fa20024
0x0b30: 0x03eb6821 0x000d6840 0x032a6021 0x01a26821
0x0b40: 0x8fa20018 0x000c6040 0x01826021 0x8fa2001c
0x0b50: 0x8faf0010 0x02a2882b 0x01fe102b 0x10400023
0x0b60: 0x00000000 0x12200021 0x00000000 0x85820000
0x0b70: 0x85ab0000 0x000237c3 0x14c000ca 0x00000000
0x0b80: 0x104000c8 0x00000000 0x24120001 0x00009825
0x0b90: 0x04c000b5 0x00000000 0x00005025 0x00001825
0x0ba0: 0x30640020 0x006b2804 0x30480001 0x00063fc0
0x0bb0: 0x00021042 0x0004280b 0x24630001 0x11000002
0x0bc0: 0x00000000 0x01455021 0x00e21025 0x00063043
0x0bd0: 0x1469fff3 0x00000000 0x165600a9 0x00000000
0x0be0: 0x166000a7 0x00000000 0x020a8021 0x25ef0001
0x0bf0: 0x25ad0002 0x258c0002 0x170fffd7 0x00000000
0x0c00: 0x8fa20014 0x26940001 0x128200b9 0x00000000
0x0c10: 0x00141400 0x00021403 0x000237c3 0x14c000af
0x0c20: 0x00000000 0x104000ad 0x00000000 0x240b0001
0x0c30: 0x00006025 0x26b50001 0x04c1ff86 0x00000000
0x0c40: 0x00021023 0x0002182b 0x00063023 0x00c33023
0x0c50: 0x1000ff80 0x00000000 0x240cffff 0x240bffff
0x0c60: 0x1000fd5a 0x00000000 0x240bffff 0x240affff
0x0c70: 0x1000fd7d 0x00000000 0x00073823 0x1000fd70
0x0c80: 0x00000000 0x15200003 0x00000000 0x1540fdb8
0x0c90: 0x00000000 0x240dffff 0x240cffff 0x1000fdb6
0x0ca0: 0x00000000 0x18800016 0x00000000 0x240a0001
0x0cb0: 0x00004825 0x24050001 0x00003025 0x240c0001
0x0cc0: 0x1000fd98 0x00000000 0x240e0001 0x24040001
0x0cd0: 0x1000fd97 0x00000000 0x00084023 0x1000fd80
0x0ce0: 0x00000000 0x240cffff 0x240bffff 0x1000fdea
0x0cf0: 0x00000000 0x00094823 0x1000fdb5 0x00000000
0x0d00: 0x3c020000 0x24442120 0x00802825 0x8cab0004
0x0d10: 0xafa40080 0x8c422120 0x3c040000 0x24972154
0x0d20: 0x00802825 0xafa4005c 0x24040001 0xaca22154
0x0d30: 0xaeeb0004 0xaee40008 0xaee4000c 0x240e0001
0x0d40: 0x24050001 0x00003025 0x240d0001 0x00006025
0x0d50: 0x1000fd89 0x00000000 0x8fbf00e4 0x8fbe00e0
0x0d60: 0x8fb700dc 0x8fb600d8 0x8fb500d4 0x8fb400d0
0x0d70: 0x8fb300cc 0x8fb200c8 0x8fb100c4 0x8fb000c0
0x0d80: 0x27bd00e8 0x03e00008 0x00000000 0x00063023
0x0d90: 0x1000fddd 0x00000000 0x240bffff 0x240affff
0x0da0: 0x1000fdf9 0x00000000 0x14400004 0x00000000
0x0db0: 0x8fa20064 0x1440fdeb 0x00000000 0x8fa20048
0x0dc0: 0x00021023 0xafa20048 0x1000fde6 0x00000000
0x0dd0: 0x240affff 0x2409ffff 0x1000fe13 0x00000000
0x0de0: 0x8fa20080 0x8fa30040 0x8c420004 0x24630001
0x0df0: 0x0062102b 0xafa30040 0x1040ffd7 0x00000000
0x0e00: 0x8fa30034 0x8fa2005c 0x8c640008 0x8fa3007c
0x0e10: 0x8c422154 0x84710008 0x8463000c 0x1000fd94
0x0e20: 0x00000000 0x00021023 0x1000fdf5 0x00000000
0x0e30: 0x8fa2002c 0x00021023 0xafa2002c 0x1000fe17
0x0e40: 0x00000000 0x240bffff 0x240affff 0x1000fe4f
0x0e50: 0x00000000 0x8fa2004c 0x00021023 0xafa2004c
0x0e60: 0x1000fe3f 0x00000000 0x00021023 0x0002182b
0x0e70: 0x00063023 0x00c33023 0x1000ff47 0x00000000
0x0e80: 0x000a5023 0x1000ff58 0x00000000 0x00021023
0x0e90: 0x0002182b 0x00063023 0x00c33023 0x1000ff0c
0x0ea0: 0x00000000 0x2412ffff 0x2413ffff 0x1000ff38
0x0eb0: 0x00000000 0x240cffff 0x240dffff 0x1000ff02
0x0ec0: 0x00000000 0x000b5823 0x1000ff15 0x00000000
0x0ed0: 0x000a5023 0x1000fef3 0x00000000 0x240bffff
0x0ee0: 0x240cffff 0x26b50001 0x1000ff53 0x00000000
0x0ef0: 0x8fa20038 0x8fa3008c 0x24420001 0xafa20038
0x0f00: 0x1443fe9a 0x00000000 0x00101403 0x00101a83
0x0f10: 0x30707fff 0x30428000 0x02021025 0x8fa30094
0x0f20: 0x8fa400b4 0x84700000 0x8fa30060 0x02028021
0x0f30: 0x24630001 0x00602825 0xafa30060 0x0c0007d3
0x0f40: 0x00000000 0x8fa200b0 0x02002825 0x244420b4
0x0f50: 0x0c0007d3 0x00000000 0x8fa20044 0x00103400
0x0f60: 0x00063403 0xa4460000 0x8fa200a0 0x8fa50088
0x0f70: 0x244420b8 0x0c0007d3 0x00000000 0x8fa20034
0x0f80: 0x8fa30028 0x8c42000c 0x24630001 0x0062102b
0x0f90: 0xafa30028 0x10400038 0x00000000 0x87a20028
0x0fa0: 0x00021fc3 0x14600020 0x00000000 0x1040001e
0x0fb0: 0x00000000 0x240a0001 0x00004825 0x8fa40044
0x0fc0: 0x24840002 0xafa40044 0x0461fe25 0x00000000
0x0fd0: 0x00021023 0x0002202b 0x00031823 0x00641823
0x0fe0: 0x1000fe1f 0x00000000 0x14400004 0x00000000
0x0ff0: 0x8fa20068 0x1440fe73 0x00000000 0x0019c823
0x1000: 0x1000fe70 0x00000000 0x14400004 0x00000000
0x1010: 0x8fa20054 0x1440fe80 0x00000000 0x001ff823
0x1020: 0x1000fe7d 0x00000000 0x240affff 0x2409ffff
0x1030: 0x1000ffe2 0x00000000 0x8fa300a8 0x00021023
0x1040: 0xafa30074 0x8fa300ac 0x00431023 0xafa20078
0x1050: 0x1000fe28 0x00000000 0x00001025 0x1000ffaf
0x1060: 0x00000000 0x8fa20010 0x00021023 0xafa20010
0x1070: 0x1000fe11 0x00000000 0x8fa20034 0x8fa3003c
0x1080: 0x8c420008 0x24630001 0x0062102b 0xafa3003c
0x1090: 0x1040ff53 0x00000000 0x87a4003c 0x00042fc3
0x10a0: 0x14a0000a 0x00000000 0x10800008 0x00000000
0x10b0: 0x24070001 0x00003025 0x1000fd89 0x00000000
0x10c0: 0x00052823 0x1000fdcd 0x00000000 0x2407ffff
0x10d0: 0x2406ffff 0x1000fd82 0x00000000 0x27bdff60
0x10e0: 0x3c020000 0x24422154 0xafb30084 0xafbf009c
0x10f0: 0xafbe0098 0xafb70094 0xafb60090 0xafb5008c
0x1100: 0xafb40088 0xafb20080 0xafb1007c 0xafb00078
0x1110: 0x8c51000c 0x8c420008 0x2625fffe 0x00401825
0x1120: 0xafa20028 0x28a70002 0x3c020000 0x8c532148
0x1130: 0x2464fffe 0x14e001fa 0x00000000 0x2622fffc
0x1140: 0x00021042 0x24420001 0x00021400 0x00021403
0x1150: 0x00003025 0x24030002 0x00004825 0x00004025
0x1160: 0x240b0040 0x000967c0 0x24c60001 0x00031842
0x1170: 0x30cd0020 0x00c25004 0x01831825 0x000d500b
0x1180: 0x306c0001 0x00094843 0x10cb000f 0x00000000
0x1190: 0x1180fff4 0x00000000 0x000967c0 0x24c60001
0x11a0: 0x00031842 0x010a4021 0x30cd0020 0x00c25004
0x11b0: 0x01831825 0x000d500b 0x306c0001 0x00094843
0x11c0: 0x14cbfff3 0x00000000 0x288a0002 0x154001d7
0x11d0: 0x00000000 0x8fa20028 0x2442fffc 0x00021042
0x11e0: 0x24420001 0x00021400 0x00021403 0x00003025
0x11f0: 0x24030002 0x00004825 0x00005825 0x240d0040
0x1200: 0x000977c0 0x24c60001 0x00031842 0x30cf0020
0x1210: 0x00c26004 0x01c31825 0x000f600b 0x306e0001
0x1220: 0x00094843 0x10cd000f 0x00000000 0x11c0fff4
0x1230: 0x00000000 0x000977c0 0x24c60001 0x00031842
0x1240: 0x016c5821 0x30cf0020 0x00c26004 0x01c31825
0x1250: 0x000f600b 0x306e0001 0x00094843 0x14cdfff3
0x1260: 0x00000000 0x87a20028 0x00117400 0x00021fc3
0x1270: 0x000e7403 0x146001b0 0x00000000 0x104001ae
0x1280: 0x00000000 0x240f0001 0x00009025 0x04610005
0x1290: 0x00000000 0x00021023 0x0002302b 0x00031823
0x12a0: 0x00661823 0x00003025 0x00004825 0x24180040
0x12b0: 0x312d0020 0x012e6004 0x30500001 0x0003cfc0
0x12c0: 0x00021042 0x000d600b 0x25290001 0x12000002
0x12d0: 0x00000000 0x00cc3021 0x03221025 0x00031843
0x12e0: 0x1538fff3 0x00000000 0x24020001 0x15e201de
0x12f0: 0x00000000 0x164001dc 0x00000000 0x14e001d5
0x1300: 0x00000000 0x2622fffc 0x00021042 0x24470001
0x1310: 0x24420002 0xafa20010 0x154001c9 0x00000000
0x1320: 0x8fa20028 0x2442fffc 0x00021042 0x24430001
0x1330: 0x24420002 0xafa20024 0x10a801bd 0x00000000
0x1340: 0x24e20002 0xafa20010 0x24620002 0xafa20024
0x1350: 0x87a30010 0x87a20024 0x00602025 0xafa30030
0x1360: 0x000427c3 0x00021fc3 0xafa40034 0x14600176
0x1370: 0x00000000 0x10400174 0x00000000 0x240a0001
0x1380: 0x00004825 0x04610005 0x00000000 0x00021023
0x1390: 0x0002202b 0x00031823 0x00641823 0x00002025
0x13a0: 0x00002825 0x240b0040 0x8fa70030 0x30a80020
0x13b0: 0x00a73804 0x304d0001 0x000367c0 0x00021042
0x13c0: 0x0008380b 0x24a50001 0x11a00002 0x00000000
0x13d0: 0x00872021 0x01821025 0x00031843 0x14abfff2
0x13e0: 0x00000000 0x24020001 0x1542018e 0x00000000
0x13f0: 0x1520018c 0x00000000 0x3c020000 0x24422120
0x1400: 0xafa20064 0x8c420004 0x10400138 0x00000000
0x1410: 0x00061400 0x00021403 0x00021fc3 0xafa20048
0x1420: 0xafa30040 0xafa2004c 0xafa30050 0x04610008
0x1430: 0x00000000 0x00021823 0x8fa20040 0x0003282b
0x1440: 0x00021023 0x00451023 0xafa3004c 0xafa20050
0x1450: 0x00041400 0x00021403 0x00021fc3 0xafa20044
0x1460: 0xafa3003c 0xafa20054 0xafa30058 0x04610008
0x1470: 0x00000000 0x00021823 0x8fa2003c 0x0003202b
0x1480: 0x00021023 0x00441023 0xafa30054 0xafa20058
0x1490: 0x8fa20030 0x3c040000 0x00021023 0x0002182b
0x14a0: 0xafa20068 0x8fa20034 0x00009025 0x00021023
0x14b0: 0xafa4001c 0x00431023 0x3c040000 0x01c0a025
0x14c0: 0xafa0002c 0x02407025 0xafa40020 0xafa2006c
0x14d0: 0x02209025 0x8fa30054 0x8fa60058 0x8faa002c
0x14e0: 0x00005825 0x00001025 0x24090040 0x30440020
0x14f0: 0x004a2804 0x30680001 0x00063fc0 0x00031842
0x1500: 0x0004280b 0x24420001 0x11000002 0x00000000
0x1510: 0x01655821 0x00e31825 0x00063043 0x1449fff3
0x1520: 0x00000000 0x8fa2003c 0xafab0038 0x18400133
0x1530: 0x00000000 0x8fa3004c 0x8fa60050 0x8faa002c
0x1540: 0x00005825 0x00001025 0x24090040 0x30440020
0x1550: 0x004a2804 0x30680001 0x00063fc0 0x00031842
0x1560: 0x0004280b 0x24420001 0x11000002 0x00000000
0x1570: 0x01655821 0x00e31825 0x00063043 0x1449fff3
0x1580: 0x00000000 0x8fa20040 0xafab0014 0x18400111
0x1590: 0x00000000 0x8fa20030 0x8fa60068 0x00402825
0x15a0: 0x8fa20034 0x0000b025 0x00402025 0x28430000
0x15b0: 0x00601025 0x00c3280b 0x00801825 0x8fa4006c
0x15c0: 0xafa5005c 0x0082180b 0xafa30060 0x01c08025
0x15d0: 0x8fa3005c 0x8fa60060 0x00004025 0x00001025
0x15e0: 0x240a0040 0x30440020 0x00562804 0x30690001
0x15f0: 0x00063fc0 0x00031842 0x0004280b 0x24420001
0x1600: 0x11200002 0x00000000 0x01054021 0x00e31825
0x1610: 0x00063043 0x144afff3 0x00000000 0x8fa20034
0x1620: 0x184000e4 0x00000000 0x00001825 0x24020002
0x1630: 0x00002825 0x0000b825 0x24090040 0x000537c0
0x1640: 0x24630001 0x00021042 0x30670020 0x00762004
0x1650: 0x00c21025 0x0007200b 0x30460001 0x00052843
0x1660: 0x1069000f 0x00000000 0x10c0fff4 0x00000000
0x1670: 0x000537c0 0x24630001 0x00021042 0x02e4b821
0x1680: 0x30670020 0x00762004 0x00c21025 0x0007200b
0x1690: 0x30460001 0x00052843 0x1469fff3 0x00000000
0x16a0: 0x8fa20038 0x8fb50028 0x00481021 0xafb60070
0x16b0: 0xafa20018 0x00004825 0x00008825 0x241e0002
0x16c0: 0x0200b025 0x00001825 0x24020002 0x00002825
0x16d0: 0x00005825 0x24080040 0x000537c0 0x24630001
0x16e0: 0x00021042 0x30670020 0x00712004 0x00c21025
0x16f0: 0x0007200b 0x30460001 0x00052843 0x1068000f
0x1700: 0x00000000 0x10c0fff4 0x00000000 0x000537c0
0x1710: 0x24630001 0x00021042 0x01645821 0x30670020
0x1720: 0x00712004 0x00c21025 0x0007200b 0x30460001
0x1730: 0x00052843 0x1468fff3 0x00000000 0x8fa20018
0x1740: 0x02e06825 0x01228021 0x8fa20014 0x00108040
0x1750: 0x004bf821 0x02708021 0x00006025 0x24190001
0x1760: 0x240a0040 0x000d1400 0x00021403 0x000237c3
0x1770: 0x14c00089 0x00000000 0x10400087 0x00000000
0x1780: 0x24070001 0x00004025 0x04c00073 0x00000000
0x1790: 0x00007825 0x00001825 0x30640020 0x00742804
0x17a0: 0x304e0001 0x00064fc0 0x00021042 0x0004280b
0x17b0: 0x24630001 0x11c00002 0x00000000 0x01e57821
0x17c0: 0x01221025 0x00063043 0x146afff3 0x00000000
0x17d0: 0x14f9006e 0x00000000 0x1500006c 0x00000000
0x17e0: 0x03ef1021 0x00021040 0x00531021 0x01602825
0x17f0: 0x24040001 0x01b5382b 0x00b2182b 0x24860001
0x1800: 0x1060000a 0x00000000 0x10e00008 0x00000000
0x1810: 0x84480000 0x86030000 0x0068182a 0x14600062
0x1820: 0x00000000 0x10990052 0x00000000 0x149e0052
0x1830: 0x00000000 0x25820001 0x3042ffff 0x00026400
0x1840: 0x25ad0001 0x000c6403 0x1444ffc6 0x00000000
0x1850: 0x8fa2001c 0x26d60001 0x02c02825 0x244420b0
0x1860: 0x0c0007d3 0x00000000 0x8fa20020 0x86050000
0x1870: 0x244420b4 0x26310001 0x0c0007d3 0x00000000
0x1880: 0x00118c00 0x8fa20010 0x00118c03 0x0222102b
0x1890: 0x02204825 0x1440ff8b 0x00000000 0x02c08025
0x18a0: 0x8fb60070 0x8fa20024 0x26d60001 0x0016b400
0x18b0: 0x0016b403 0x02c2102b 0x1440ff45 0x00000000
0x18c0: 0x8fa2002c 0x02007025 0x24430001 0x8fa20064
0x18d0: 0x00031c00 0x8c420004 0x00031c03 0x0062102b
0x18e0: 0xafa3002c 0x1440fefb 0x00000000 0x8fbf009c
0x18f0: 0x8fbe0098 0x8fb70094 0x8fb60090 0x8fb5008c
0x1900: 0x8fb40088 0x8fb30084 0x8fb20080 0x8fb1007c
0x1910: 0x8fb00078 0x27bd00a0 0x03e00008 0x00000000
0x1920: 0x00001025 0x1000fe0a 0x00000000 0x00001025
0x1930: 0x1000fe2e 0x00000000 0x240fffff 0x2412ffff
0x1940: 0x1000fe52 0x00000000 0x240affff 0x2409ffff
0x1950: 0x1000fe8c 0x00000000 0x00021023 0x0002182b
0x1960: 0x00063023 0x00c33023 0x1000ff89 0x00000000
0x1970: 0x1180000d 0x00000000 0x24a50001 0x30c4ffff
0x1980: 0x24420002 0x1000ff9c 0x00000000 0x000f7823
0x1990: 0x1000ff93 0x00000000 0x2407ffff 0x2408ffff
0x19a0: 0x1000ff79 0x00000000 0xa6080000 0x1000ff9f
0x19b0: 0x00000000 0x14400004 0x00000000 0x8fa20030
0x19c0: 0x1440ff19 0x00000000 0x00084023 0x1000ff16
0x19d0: 0x00000000 0x14400004 0x00000000 0x8fa20048
0x19e0: 0x1440feec 0x00000000 0x8fa20014 0x00021023
0x19f0: 0xafa20014 0x1000fee7 0x00000000 0x14400004
0x1a00: 0x00000000 0x8fa20044 0x1440feca 0x00000000
0x1a10: 0x8fa20038 0x00021023 0xafa20038 0x1000fec5
0x1a20: 0x00000000 0x00042023 0x1000fe73 0x00000000
0x1a30: 0x148bfe43 0x00000000 0x1000fe45 0x00000000
0x1a40: 0x24020001 0xafa20024 0x00001825 0x1000fe3a
0x1a50: 0x00000000 0x24020001 0xafa20010 0x00003825
0x1a60: 0x1000fe2d 0x00000000 0x00063023 0x1000fe23
0x1a70: 0x00000000 0x8fac0010 0x8fad0014 0x0480004c
0x1a80: 0x00000000 0x00007825 0x240e0061 0x24020041
0x1a90: 0x0046700b 0x01805825 0x240a0001 0x2409ffff
0x1aa0: 0x25cefff6 0x00004025 0x2403001f 0x00001025
0x1ab0: 0x006a3804 0x00873024 0x00663006 0x00021040
0x1ac0: 0x00c21025 0x0045302b 0x2463ffff 0x14c00003
0x1ad0: 0x00000000 0x00451023 0x01074025 0x1469fff4
0x1ae0: 0x00000000 0x2c43000a 0x01002025 0x256b0001
0x1af0: 0x1060002a 0x00000000 0x24420030 0x00021600
0x1b00: 0x00021603 0xa162ffff 0x1d00ffe6 0x00000000
0x1b10: 0x016c1023 0x004d182b 0x10600008 0x00000000
0x1b20: 0x01a21023 0x01621021 0x24030030 0x256b0001
0x1b30: 0xa163ffff 0x1562fffd 0x00000000 0x11e00004
0x1b40: 0x00000000 0x2402002d 0xa1620000 0x256b0001
0x1b50: 0x016c1023 0x00023842 0xa1600000 0x10e0000d
0x1b60: 0x00000000 0x2444ffff 0x01801825 0x01842021
0x1b70: 0x01873821 0x80860000 0x80650000 0xa0660000
0x1b80: 0x24630001 0xa0850000 0x2484ffff 0x14e3fff9
0x1b90: 0x00000000 0x03e00008 0x00000000 0x01c21021
0x1ba0: 0x00021600 0x00021603 0x1000ffd6 0x00000000
0x1bb0: 0x14e0ffb4 0x00000000 0x00042023 0x240f0001
0x1bc0: 0x1000ffb1 0x00000000 0x27bdffa8 0x0080c025
0x1bd0: 0x00c0c825 0xafb70050 0xafb6004c 0xafb50048
0x1be0: 0xafb40044 0xafb30040 0xafb2003c 0xafb10038
0x1bf0: 0xafb00034 0xafbf0054 0x00a08825 0x00e0b825
0x1c00: 0x00809825 0x00008025 0x24120025 0x24140030
0x1c10: 0x24150064 0x24b6ffff 0x83230000 0x1060000f
0x1c20: 0x00000000 0x26020001 0x0051102b 0x1040000b
0x1c30: 0x00000000 0x10720016 0x00000000 0xa3030000
0x1c40: 0xa3000001 0x27390001 0x83230000 0x27180001
0x1c50: 0x03138023 0x1460fff3 0x00000000 0x8fbf0054
0x1c60: 0x02001025 0x8fb70050 0x8fb6004c 0x8fb50048
0x1c70: 0x8fb40044 0x8fb30040 0x8fb2003c 0x8fb10038
0x1c80: 0x8fb00034 0x27bd0058 0x03e00008 0x00000000
0x1c90: 0x83260001 0x10d4003e 0x00000000 0x27390002
0x1ca0: 0x00001025 0x10d50047 0x00000000 0x28c30065
0x1cb0: 0x1060000f 0x00000000 0x24030058 0x10c30066
0x1cc0: 0x00000000 0x24020063 0x10c2005b 0x00000000
0x1cd0: 0x10c0ffe2 0x00000000 0xa3060000 0xa3000001
0x1ce0: 0x27180001 0x03138023 0x1000ffcb 0x00000000
0x1cf0: 0x24030075 0x10c30033 0x00000000 0x24030078
0x1d00: 0x10c30055 0x00000000 0x24020073 0x14c2fff2
0x1d10: 0x00000000 0x8ee20000 0x26e80004 0x80430000
0x1d20: 0x10600017 0x00000000 0x24430001 0x00002025
0x1d30: 0x24630001 0x8065ffff 0x24840001 0x14a0fffc
0x1d40: 0x00000000 0x02d02823 0x0085182b 0x00a3200a
0x1d50: 0x1080000b 0x00000000 0x03001825 0x00443021
0x1d60: 0x80450000 0x24420001 0xa0650000 0x24630001
0x1d70: 0x14c2fffb 0x00000000 0x0304c021 0x03138023
0x1d80: 0xa3000000 0x0100b825 0x1000ffa3 0x00000000
0x1d90: 0x83220002 0x1040ffb1 0x00000000 0x2442ffd0
0x1da0: 0x304200ff 0x2c43000a 0x0003100a 0x83260003
0x1db0: 0x00021600 0x00021603 0x27390004 0x14d5ffbb
0x1dc0: 0x00000000 0x8ee40000 0x38c60075 0xafa20014
0x1dd0: 0x27a20018 0x2cc70001 0xafa20010 0x00003025
0x1de0: 0x2405000a 0x0c00069d 0x00000000 0x02d02023
0x1df0: 0x0044182b 0x0083100a 0x26f70004 0x1040000b
0x1e00: 0x00000000 0x03001825 0x27a40018 0x0302c021
0x1e10: 0x90820000 0x24630001 0xa062ffff 0x24840001
0x1e20: 0x1703fffb 0x00000000 0x03138023 0xa3000000
0x1e30: 0x1000ff79 0x00000000 0x8ee20000 0x27180001
0x1e40: 0xa302ffff 0xa3000000 0x26f70004 0x03138023
0x1e50: 0x1000ff71 0x00000000 0x8ee40000 0x38c60058
0x1e60: 0xafa20014 0x27a20018 0xafa20010 0x24070001
0x1e70: 0x2cc60001 0x24050010 0x0c00069d 0x00000000
0x1e80: 0x02d02023 0x0044182b 0x0083100a 0x26f70004
0x1e90: 0x1040ffe6 0x00000000 0x03001825 0x27a40018
0x1ea0: 0x0302c021 0x90820000 0x24630001 0xa062ffff
0x1eb0: 0x24840001 0x1703fffb 0x00000000 0x03138023
0x1ec0: 0x1000ffda 0x00000000 0x27bdffe0 0x27a2002c
0x1ed0: 0xafa7002c 0x00403825 0xafbf001c 0xafa20010
0x1ee0: 0x0c0006f2 0x00000000 0x8fbf001c 0x27bd0020
0x1ef0: 0x03e00008 0x00000000 0x80860000 0x24850001
0x1f00: 0x10c0000f 0x00000000 0x3c020000 0x8c43214c
0x1f10: 0x8c620008 0x30420008 0x1440fffd 0x00000000
0x1f20: 0x00a41023 0xac660004 0x24a50001 0x80a6ffff
0x1f30: 0x14c0fff7 0x00000000 0x03e00008 0x00000000
0x1f40: 0x00001025 0x03e00008 0x00000000 0x27bdffe0
0x1f50: 0x27a20024 0xafb00018 0x3c100000 0xafa50024
0x1f60: 0xafa60028 0xafa7002c 0x00803025 0x00403825
0x1f70: 0x24050100 0x26042164 0xafbf001c 0xafa20010
0x1f80: 0x0c0006f2 0x00000000 0x82062164 0x10c0000e
0x1f90: 0x00000000 0x3c030000 0x3c050000 0x8c64214c
0x1fa0: 0x24a52165 0x8c830008 0x30630008 0x1460fffd
0x1fb0: 0x00000000 0xac860004 0x24a50001 0x80a6ffff
0x1fc0: 0x14c0fff8 0x00000000 0x8fbf001c 0x8fb00018
0x1fd0: 0x27bd0020 0x03e00008 0x00000000 0x3c020000
0x1fe0: 0x8c422150 0x8c420000 0x03e00008 0x00000000
0x1ff0: 0x3c020000 0x8c422150 0x8c420000 0xac820000
0x2000: 0x03e00008 0x00000000 0x3c020000 0x8c422150
0x2010: 0x8c830000 0x8c420000 0x00431023 0xac820000
0x2020: 0x03e00008 0x00000000 0x27bdffe0 0x27a40010
0x2030: 0xafbf001c 0xafa00010 0x0c0007fc 0x00000000
0x2040: 0x3c040000 0x248420d4 0x0c0007d3 0x00000000
0x2050: 0x0c000047 0x00000000 0x3c040000 0x248420ec
0x2060: 0x0c0007d3 0x00000000 0x0c000437 0x00000000
0x2070: 0x8fa50010 0x3c040000 0x24842100 0x0c0007d3
0x2080: 0x00000000 0x8fbf001c 0x00001025 0x27bd0020
0x2090: 0x03e00008 0x00000000 0x01200000 0x01000101
0x20a0: 0x00000000 0x00000000 0x00000001 0x00000000
0x20b0: 0x003a6425 0x000a6425 0x7074756f 0x6f5f7475
0x20c0: 0x65736666 0x64253d74 0x74756f20 0x0a64253d
0x20d0: 0x00000000 0x72617473 0x676e6974 0x6e6f6320
0x20e0: 0x756c6f76 0x6e6f6974 0x0000000a 0x72617473
0x20f0: 0x676e6974 0x6f6f7020 0x676e696c 0x0000000a
0x2100: 0x6c637943 0x6e632065 0x75253d74 0x0000000a
0x2110: 0x00000014 0x00000001 0x00000005 0x00000005
0x2120: 0x00000001 0x00000014 0x0000000c 0x0000000c
0x2130: 0x00000001 0x00000001 0x0000001c 0x0000001c
0x2140: 0x080d8f90 0x08000000 0x080d9690 0x40010000
0x2150: 0x40020000 0x00000000 0x00000000 0x00000000
0x2160: 0x00000000 0x00000000 0x00000000 0x00000000
0x2170: 0x00000000 0x00000000 0x00000000 0x00000000
0x2180: 0x00000000 0x00000000 0x00000000 0x00000000
0x2190: 0x00000000 0x00000000 0x00000000 0x00000000
0x21a0: 0x00000000 0x00000000 0x00000000 0x00000000
0x21b0: 0x00000000 0x00000000 0x00000000 0x00000000
0x21c0: 0x00000000 0x00000000 0x00000000 0x00000000
0x21d0: 0x00000000 0x00000000 0x00000000 0x00000000
0x21e0: 0x00000000 0x00000000 0x00000000 0x00000000
0x21f0: 0x00000000 0x00000000 0x00000000 0x00000000
0x2200: 0x00000000 0x00000000 0x00000000 0x00000000
0x2210: 0x00000000 0x00000000 0x00000000 0x00000000
0x2220: 0x00000000 0x00000000 0x00000000 0x00000000
0x2230: 0x00000000 0x00000000 0x00000000 0x00000000
0x2240: 0x00000000 0x00000000 0x00000000 0x00000000
0x2250: 0x00000000 0x00000000 0x00000000 0x00000000
0x2260: 0x00000000 0x00000000 0x00000000 0x00000000
0x2270: 0x00000000 0x00000000 0x00000000 0x00000000
0x2280: 0x00000000 0x00000000 0x00000000 0x00000000
0x2290: 0x00000000 0x00000000 0x00000000 0x00000000
0x22a0: 0x00000000 0x00000000 0x00000000 0x00000000
0x22b0: 0x00000000 0x00000000 0x00000000 0x00000000
0x22c0: 0x00000000 0x00000000 0x00000000 0x00000000
0x22d0: 0x00000000 0x00000000 0x00000000 0x00000000
0x22e0: 0x00000000 0x00000000 0x00000000 0x00000000
0x22f0: 0x00000000 0x00000000 0x00000000 0x00000000
0x2300: 0x00000000 0x00000000 0x00000000 0x00000000
0x2310: 0x00000000 0x00000000 0x00000000 0x00000000
0x2320: 0x00000000 0x00000000 0x00000000 0x00000000
0x2330: 0x00000000 0x00000000 0x00000000 0x00000000
0x2340: 0x00000000 0x00000000 0x00000000 0x00000000
0x2350: 0x00000000 0x00000000 0x00000000 0x00000000
0x2360: 0x00000000 0x00000000 0x00000000 0x00000000
0x2370: 0x00000000 0x00000000 0x00000000 0x00000000
0x2380: 0x00000000 0x00000000 0x00000000 0x00000000
0x2390: 0x00000000 0x00000000 0x00000000 0x00000000
0x23a0: 0x00000000 0x00000000 0x00000000 0x00000000
0x23b0: 0x00000000 0x00000000 0x00000000 0x00000000
0x23c0: 0x00000000 0x00000000 0x00000000 0x00000000
0x23d0: 0x00000000 0x00000000 0x00000000 0x00000000
0x23e0: 0x00000000 0x00000000 0x00000000 0x00000000
0x23f0: 0x00000000 0x00000000 0x00000000 0x00000000
0x2400: 0x00000000 0x00000000 0x00000000 0x00000000
0x2410: 0x00000000 0x00000000 0x00000000 0x00000000
0x2420: 0x00000000 0x00000000 0x00000000 0x00000000
0x2430: 0x00000000 0x00000000 0x00000000 0x00000000
0x2440: 0x00000000 0x00000000 0x00000000 0x00000000
0x2450: 0x00000000 0x00000000 0x00000000 0x00000000
0x2460: 0x00000000 0x00000000 0x00000000 0x00000000
0x2470: 0x00000000 0x00000000 0x00000000 0x00000000
0x2480: 0x00000000 0x00000000 0x00000000 0x00000000
0x2490: 0x00000000 0x00000000 0x00000000 0x00000000
0x24a0: 0x00000000 0x00000000 0x00000000 0x00000000
0x24b0: 0x00000000 0x00000000 0x00000000 0x00000000
0x24c0: 0x00000000 0x00000000 0x00000000 0x00000000
0x24d0: 0x00000000 0x00000000 0x00000000 0x00000000
0x24e0: 0x00000000 0x00000000 0x00000000 0x00000000
0x24f0: 0x00000000 0x00000000 0x00000000 0x00000000
0x2500: 0x00000000 0x00000000 0x00000000 0x00000000
0x2510: 0x00000000 0x00000000 0x00000000 0x00000000
0x2520: 0x00000000 0x00000000 0x00000000 0x00000000
0x2530: 0x00000000 0x00000000 0x00000000 0x00000000
0x2540: 0x00000000 0x00000000 0x00000000 0x00000000
0x2550: 0x00000000 0x00000000 0x00000000 0x00000000
0x2560: 0x00000000 0x00000000 0x00000000 0x00000000
0x2570: 0x00000000 0x00000000 0x00000000 0x00000000
0x2580: 0x00000000 0x00000000 0x00000000 0x00000000
0x2590: 0x00000000 0x00000000 0x00000000 0x00000000
0x25a0: 0x00000000 0x00000000 0x00000000 0x00000000
0x25b0: 0x00000000 0x00000000 0x00000000 0x00000000
0x25c0: 0x00000000 0x00000000 0x00000000 0x00000000
0x25d0: 0x00000000 0x00000000 0x00000000 0x00000000
0x25e0: 0x00000000 0x00000000 0x00000000 0x00000000
0x25f0: 0x00000000 0x00000000 0x00000000 0x00000000
0x2600: 0x00000000 0x00000000 0x00000000 0x00000000
0x2610: 0x00000000 0x00000000 0x00000000 0x00000000
0x2620: 0x00000000 0x00000000 0x00000000 0x00000000
0x2630: 0x00000000 0x00000000 0x00000000 0x00000000
0x2640: 0x00000000 0x00000000 0x00000000 0x00000000
0x2650: 0x00000000 0x00000000 0x00000000 0x00000000
0x2660: 0x00000000 0x00000000 0x00000000 0x00000000
0x2670: 0x00000000 0x00000000 0x00000000 0x00000000
0x2680: 0x00000000 0x00000000 0x00000000 0x00000000
0x2690: 0x00000000 0x00000000 0x00000000 0x00000000
0x26a0: 0x00000000 0x00000000 0x00000000 0x00000000
0x26b0: 0x00000000 0x00000000 0x00000000 0x00000000
0x26c0: 0x00000000 0x00000000 0x00000000 0x00000000
0x26d0: 0x00000000 0x00000000 0x00000000 0x00000000
0x26e0: 0x00000000 0x00000000 0x00000000 0x00000000
0x26f0: 0x00000000 0x00000000 0x00000000 0x00000000
0x2700: 0x00000000 0x00000000 0x00000000 0x00000000
0x2710: 0x00000000 0x00000000 0x00000000 0x00000000
0x2720: 0x00000000 0x00000000 0x00000000 0x00000000
0x2730: 0x00000000 0x00000000 0x00000000 0x00000000
0x2740: 0x00000000 0x00000000 0x00000000 0x00000000
0x2750: 0x00000000 0x00000000 0x00000000 0x00000000
0x2760: 0x00000000 0x00000000 0x00000000 0x00000000
0x2770: 0x00000000 0x00000000 0x00000000 0x00000000
0x2780: 0x00000000 0x00000000 0x00000000 0x00000000
0x2790: 0x00000000 0x00000000 0x00000000 0x00000000
0x27a0: 0x00000000 0x00000000 0x00000000 0x00000000
0x27b0: 0x00000000 0x00000000 0x00000000 0x00000000
0x27c0: 0x00000000 0x00000000 0x00000000 0x00000000
0x27d0: 0x00000000 0x00000000 0x00000000 0x00000000
0x27e0: 0x00000000 0x00000000 0x00000000 0x00000000
0x27f0: 0x00000000 0x00000000 0x00000000 0x00000000
0x2800: 0x00000000 0x00000000 0x00000000 0x00000000
0x2810: 0x00000000 0x00000000 0x00000000 0x00000000
0x2820: 0x00000000 0x00000000 0x00000000 0x00000000
0x2830: 0x00000000 0x00000000 0x00000000 0x00000000
0x2840: 0x00000000 0x00000000 0x00000000 0x00000000
0x2850: 0x00000000 0x00000000 0x00000000 0x00000000
0x2860: 0x00000000 0x00000000 0x00000000 0x00000000
0x2870: 0x00000000 0x00000000 0x00000000 0x00000000
0x2880: 0x00000000 0x00000000 0x00000000 0x00000000
0x2890: 0x00000000 0x00000000 0x00000000 0x00000000
0x28a0: 0x00000000 0x00000000 0x00000000 0x00000000
0x28b0: 0x00000000 0x00000000 0x00000000 0x00000000
0x28c0: 0x00000000 0x00000000 0x00000000 0x00000000
0x28d0: 0x00000000 0x00000000 0x00000000 0x00000000
0x28e0: 0x00000000 0x00000000 0x00000000 0x00000000
0x28f0: 0x00000000 0x00000000 0x00000000 0x00000000
0x2900: 0x00000000 0x00000000 0x00000000 0x00000000
0x2910: 0x00000000 0x00000000 0x00000000 0x00000000
0x2920: 0x00000000 0x00000000 0x00000000 0x00000000
0x2930: 0x00000000 0x00000000 0x00000000 0x00000000
0x2940: 0x00000000 0x00000000 0x00000000 0x00000000
0x2950: 0x00000000 0x00000000 0x00000000 0x00000000
0x2960: 0x00000000 0x00000000 0x00000000 0x00000000
0x2970: 0x00000000 0x00000000 0x00000000 0x00000000
0x2980: 0x00000000 0x00000000 0x00000000 0x00000000
0x2990: 0x00000000 0x00000000 0x00000000 0x00000000
0x29a0: 0x00000000 0x00000000 0x00000000 0x00000000
0x29b0: 0x00000000 0x00000000 0x00000000 0x00000000
0x29c0: 0x00000000 0x00000000 0x00000000 0x00000000
0x29d0: 0x00000000 0x00000000 0x00000000 0x00000000
0x29e0: 0x00000000 0x00000000 0x00000000 0x00000000
0x29f0: 0x00000000 0x00000000 0x00000000 0x00000000
0x2a00: 0x00000000 0x00000000 0x00000000 0x00000000
0x2a10: 0x00000000 0x00000000 0x00000000 0x00000000
0x2a20: 0x00000000 0x00000000 0x00000000 0x00000000
0x2a30: 0x00000000 0x00000000 0x00000000 0x00000000
0x2a40: 0x00000000 0x00000000 0x00000000 0x00000000
0x2a50: 0x00000000 0x00000000 0x00000000 0x00000000
0x2a60: 0x00000000 0x00000000 0x00000000 0x00000000
0x2a70: 0x00000000 0x00000000 0x00000000 0x00000000
0x2a80: 0x00000000 0x00000000 0x00000000 0x00000000
0x2a90: 0x00000000 0x00000000 0x00000000 0x00000000
0x2aa0: 0x00000000 0x00000000 0x00000000 0x00000000
0x2ab0: 0x00000000 0x00000000 0x00000000 0x00000000
0x2ac0: 0x00000000 0x00000000 0x00000000 0x00000000
0x2ad0: 0x00000000 0x00000000 0x00000000 0x00000000
0x2ae0: 0x00000000 0x00000000 0x00000000 0x00000000
0x2af0: 0x00000000 0x00000000 0x00000000 0x00000000
0x2b00: 0x00000000 0x00000000 0x00000000 0x00000000
0x2b10: 0x00000000 0x00000000 0x00000000 0x00000000
0x2b20: 0x00000000 0x00000000 0x00000000 0x00000000
0x2b30: 0x00000000 0x00000000 0x00000000 0x00000000
0x2b40: 0x00000000 0x00000000 0x00000000 0x00000000
0x2b50: 0x00000000 0x00000000 0x00000000 0x00000000
0x2b60: 0x00000000 0x00000000 0x00000000 0x00000000
0x2b70: 0x00000000 0x00000000 0x00000000 0x00000000
0x2b80: 0x00000000 0x00000000 0x00000000 0x00000000
0x2b90: 0x00000000 0x00000000 0x00000000 0x00000000
0x2ba0: 0x00000000 0x00000000 0x00000000 0x00000000
0x2bb0: 0x00000000 0x00000000 0x00000000 0x00000000
0x2bc0: 0x00000000 0x00000000 0x00000000 0x00000000
0x2bd0: 0x00000000 0x00000000 0x00000000 0x00000000
0x2be0: 0x00000000 0x00000000 0x00000000 0x00000000
0x2bf0: 0x00000000 0x00000000 0x00000000 0x00000000
0x2c00: 0x00000000 0x00000000 0x00000000 0x00000000
0x2c10: 0x00000000 0x00000000 0x00000000 0x00000000
0x2c20: 0x00000000 0x00000000 0x00000000 0x00000000
0x2c30: 0x00000000 0x00000000 0x00000000 0x00000000
0x2c40: 0x00000000 0x00000000 0x00000000 0x00000000
0x2c50: 0x00000000 0x00000000 0x00000000 0x00000000
0x2c60: 0x00000000 0x00000000 0x00000000 0x00000000
0x2c70: 0x00000000 0x00000000 0x00000000 0x00000000
0x2c80: 0x00000000 0x00000000 0x00000000 0x00000000
0x2c90: 0x00000000 0x00000000 0x00000000 0x00000000
0x2ca0: 0x00000000 0x00000000 0x00000000 0x00000000
0x2cb0: 0x00000000 0x00000000 0x00000000 0x00000000
0x2cc0: 0x00000000 0x00000000 0x00000000 0x00000000
0x2cd0: 0x00000000 0x00000000 0x00000000 0x00000000
0x2ce0: 0x00000000 0x00000000 0x00000000 0x00000000
0x2cf0: 0x00000000 0x00000000 0x00000000 0x00000000
0x2d00: 0x00000000 0x00000000 0x00000000 0x00000000
0x2d10: 0x00000000 0x00000000 0x00000000 0x00000000
0x2d20: 0x00000000 0x00000000 0x00000000 0x00000000
0x2d30: 0x00000000 0x00000000 0x00000000 0x00000000
0x2d40: 0x00000000 0x00000000 0x00000000 0x00000000
0x2d50: 0x00000000 0x00000000 0x00000000 0x00000000
0x2d60: 0x00000000 0x00000000 0x00000000 0x00000000
0x2d70: 0x00000000 0x00000000 0x00000000 0x00000000
0x2d80: 0x00000000 0x00000000 0x00000000 0x00000000
0x2d90: 0x00000000 0x00000000 0x00000000 0x00000000
0x2da0: 0x00000000 0x00000000 0x00000000 0x00000000
0x2db0: 0x00000000 0x00000000 0x00000000 0x00000000
0x2dc0: 0x00000000 0x00000000 0x00000000 0x00000000
0x2dd0: 0x00000000 0x00000000 0x00000000 0x00000000
0x2de0: 0x00000000 0x00000000 0x00000000 0x00000000
0x2df0: 0x00000000 0x00000000 0x00000000 0x00000000
0x2e00: 0x00000000 0x00000000 0x00000000 0x00000000
0x2e10: 0x00000000 0x00000000 0x00000000 0x00000000
0x2e20: 0x00000000 0x00000000 0x00000000 0x00000000
0x2e30: 0x00000000 0x00000000 0x00000000 0x00000000
0x2e40: 0x00000000 0x00000000 0x00000000 0x00000000
0x2e50: 0x00000000 0x00000000 0x00000000 0x00000000
0x2e60: 0x00000000 0x00000000 0x00000000 0x00000000
0x2e70: 0x00000000 0x00000000 0x00000000 0x00000000
0x2e80: 0x00000000 0x00000000 0x00000000 0x00000000
0x2e90: 0x00000000 0x00000000 0x00000000 0x00000000
0x2ea0: 0x00000000 0x00000000 0x00000000 0x00000000
0x2eb0: 0x00000000 0x00000000 0x00000000 0x00000000
0x2ec0: 0x00000000 0x00000000 0x00000000 0x00000000
0x2ed0: 0x00000000 0x00000000 0x00000000 0x00000000
0x2ee0: 0x00000000 0x00000000 0x00000000 0x00000000
0x2ef0: 0x00000000 0x00000000 0x00000000 0x00000000
0x2f00: 0x00000000 0x00000000 0x00000000 0x00000000
0x2f10: 0x00000000 0x00000000 0x00000000 0x00000000
0x2f20: 0x00000000 0x00000000 0x00000000 0x00000000
0x2f30: 0x00000000 0x00000000 0x00000000 0x00000000
0x2f40: 0x00000000 0x00000000 0x00000000 0x00000000
0x2f50: 0x00000000 0x00000000 0x00000000 0x00000000
0x2f60: 0x00000000 0x00000000 0x00000000 0x00000000
0x2f70: 0x00000000 0x00000000 0x00000000 0x00000000
0x2f80: 0x00000000 0x00000000 0x00000000 0x00000000
0x2f90: 0x00000000 0x00000000 0x00000000 0x00000000
0x2fa0: 0x00000000 0x00000000 0x00000000 0x00000000
0x2fb0: 0x00000000 0x00000000 0x00000000 0x00000000
0x2fc0: 0x00000000 0x00000000 0x00000000 0x00000000
0x2fd0: 0x00000000 0x00000000 0x00000000 0x00000000
0x2fe0: 0x00000000 0x00000000 0x00000000 0x00000000
0x2ff0: 0x00000000 0x00000000 0x00000000 0x00000000
0x3000: 0x00000000 0x00000000 0x00000000 0x00000000
0x3010: 0x00000000 0x00000000 0x00000000 0x00000000
0x3020: 0x00000000 0x00000000 0x00000000 0x00000000
0x3030: 0x00000000 0x00000000 0x00000000 0x00000000
0x3040: 0x00000000 0x00000000 0x00000000 0x00000000
0x3050: 0x00000000 0x00000000 0x00000000 0x00000000
0x3060: 0x00000000 0x00000000 0x00000000 0x00000000
0x3070: 0x00000000 0x00000000 0x00000000 0x00000000
0x3080: 0x00000000 0x00000000 0x00000000 0x00000000
0x3090: 0x00000000 0x00000000 0x00000000 0x00000000
0x30a0: 0x00000000 0x00000000 0x00000000 0x00000000
0x30b0: 0x00000000 0x00000000 0x00000000 0x00000000
0x30c0: 0x00000000 0x00000000 0x00000000 0x00000000
0x30d0: 0x00000000 0x00000000 0x00000000 0x00000000
0x30e0: 0x00000000 0x00000000 0x00000000 0x00000000
0x30f0: 0x00000000 0x00000000 0x00000000 0x00000000
0x3100: 0x00000000 0x00000000 0x00000000 0x00000000
0x3110: 0x00000000 0x00000000 0x00000000 0x00000000
0x3120: 0x00000000 0x00000000 0x00000000 0x00000000
0x3130: 0x00000000 0x00000000 0x00000000 0x00000000
0x3140: 0x00000000 0x00000000 0x00000000 0x00000000
0x3150: 0x00000000 0x00000000 0x00000000 0x00000000
0x3160: 0x00000000 0x00000000 0x00000000 0x00000000
0x3170: 0x00000000 0x00000000 0x00000000 0x00000000
0x3180: 0x00000000 0x00000000 0x00000000 0x00000000
0x3190: 0x00000000 0x00000000 0x00000000 0x00000000
0x31a0: 0x00000000 0x00000000 0x00000000 0x00000000
0x31b0: 0x00000000 0x00000000 0x00000000 0x00000000
0x31c0: 0x00000000 0x00000000 0x00000000 0x00000000
0x31d0: 0x00000000 0x00000000 0x00000000 0x00000000
0x31e0: 0x00000000 0x00000000 0x00000000 0x00000000
0x31f0: 0x00000000 0x00000000 0x00000000 0x00000000
0x3200: 0x00000000 0x00000000 0x00000000 0x00000000
0x3210: 0x00000000 0x00000000 0x00000000 0x00000000
0x3220: 0x00000000 0x00000000 0x00000000 0x00000000
0x3230: 0x00000000 0x00000000 0x00000000 0x00000000
0x3240: 0x00000000 0x00000000 0x00000000 0x00000000
0x3250: 0x00000000 0x00000000 0x00000000 0x00000000
0x3260: 0x00000000 0x00000000 0x00000000 0x00000000
0x3270: 0x00000000 0x00000000 0x00000000 0x00000000
0x3280: 0x00000000 0x00000000 0x00000000 0x00000000
0x3290: 0x00000000 0x00000000 0x00000000 0x00000000
0x32a0: 0x00000000 0x00000000 0x00000000 0x00000000
0x32b0: 0x00000000 0x00000000 0x00000000 0x00000000
0x32c0: 0x00000000 0x00000000 0x00000000 0x00000000
0x32d0: 0x00000000 0x00000000 0x00000000 0x00000000
0x32e0: 0x00000000 0x00000000 0x00000000 0x00000000
0x32f0: 0x00000000 0x00000000 0x00000000 0x00000000
0x3300: 0x00000000 0x00000000 0x00000000 0x00000000
0x3310: 0x00000000 0x00000000 0x00000000 0x00000000
0x3320: 0x00000000 0x00000000 0x00000000 0x00000000
0x3330: 0x00000000 0x00000000 0x00000000 0x00000000
0x3340: 0x00000000 0x00000000 0x00000000 0x00000000
0x3350: 0x00000000 0x00000000 0x00000000 0x00000000
0x3360: 0x00000000 0x00000000 0x00000000 0x00000000
0x3370: 0x00000000 0x00000000 0x00000000 0x00000000
0x3380: 0x00000000 0x00000000 0x00000000 0x00000000
0x3390: 0x00000000 0x00000000 0x00000000 0x00000000
0x33a0: 0x00000000 0x00000000 0x00000000 0x00000000
0x33b0: 0x00000000 0x00000000 0x00000000 0x00000000
0x33c0: 0x00000000 0x00000000 0x00000000 0x00000000
0x33d0: 0x00000000 0x00000000 0x00000000 0x00000000
0x33e0: 0x00000000 0x00000000 0x00000000 0x00000000
0x33f0: 0x00000000 0x00000000 0x00000000 0x00000000
0x3400: 0x00000000 0x00000000 0x00000000 0x00000000
0x3410: 0x00000000 0x00000000 0x00000000 0x00000000
0x3420: 0x00000000 0x00000000 0x00000000 0x00000000
0x3430: 0x00000000 0x00000000 0x00000000 0x00000000
0x3440: 0x00000000 0x00000000 0x00000000 0x00000000
0x3450: 0x00000000 0x00000000 0x00000000 0x00000000
0x3460: 0x00000000 0x00000000 0x00000000 0x00000000
0x3470: 0x00000000 0x00000000 0x00000000 0x00000000
0x3480: 0x00000000 0x00000000 0x00000000 0x00000000
0x3490: 0x00000000 0x00000000 0x00000000 0x00000000
0x34a0: 0x00000000 0x00000000 0x00000000 0x00000000
0x34b0: 0x00000000 0x00000000 0x00000000 0x00000000
0x34c0: 0x00000000 0x00000000 0x00000000 0x00000000
0x34d0: 0x00000000 0x00000000 0x00000000 0x00000000
0x34e0: 0x00000000 0x00000000 0x00000000 0x00000000
0x34f0: 0x00000000 0x00000000 0x00000000 0x00000000
0x3500: 0x00000000 0x00000000 0x00000000 0x00000000
0x3510: 0x00000000 0x00000000 0x00000000 0x00000000
0x3520: 0x00000000 0x00000000 0x00000000 0x00000000
0x3530: 0x00000000 0x00000000 0x00000000 0x00000000
0x3540: 0x00000000 0x00000000 0x00000000 0x00000000
0x3550: 0x00000000 0x00000000 0x00000000 0x00000000
0x3560: 0x00000000 0x00000000 0x00000000 0x00000000
0x3570: 0x00000000 0x00000000 0x00000000 0x00000000
0x3580: 0x00000000 0x00000000 0x00000000 0x00000000
0x3590: 0x00000000 0x00000000 0x00000000 0x00000000
0x35a0: 0x00000000 0x00000000 0x00000000 0x00000000
0x35b0: 0x00000000 0x00000000 0x00000000 0x00000000
0x35c0: 0x00000000 0x00000000 0x00000000 0x00000000
0x35d0: 0x00000000 0x00000000 0x00000000 0x00000000
0x35e0: 0x00000000 0x00000000 0x00000000 0x00000000
0x35f0: 0x00000000 0x00000000 0x00000000 0x00000000
0x3600: 0x00000000 0x00000000 0x00000000 0x00000000
0x3610: 0x00000000 0x00000000 0x00000000 0x00000000
0x3620: 0x00000000 0x00000000 0x00000000 0x00000000
0x3630: 0x00000000 0x00000000 0x00000000 0x00000000
0x3640: 0x00000000 0x00000000 0x00000000 0x00000000
0x3650: 0x00000000 0x00000000 0x00000000 0x00000000
0x3660: 0x00000000 0x00000000 0x00000000 0x00000000
0x3670: 0x00000000 0x00000000 0x00000000 0x00000000
0x3680: 0x00000000 0x00000000 0x00000000 0x00000000
0x3690: 0x00000000 0x00000000 0x00000000 0x00000000
0x36a0: 0x00000000 0x00000000 0x00000000 0x00000000
0x36b0: 0x00000000 0x00000000 0x00000000 0x00000000
0x36c0: 0x00000000 0x00000000 0x00000000 0x00000000
0x36d0: 0x00000000 0x00000000 0x00000000 0x00000000
0x36e0: 0x00000000 0x00000000 0x00000000 0x00000000
0x36f0: 0x00000000 0x00000000 0x00000000 0x00000000
0x3700: 0x00000000 0x00000000 0x00000000 0x00000000
0x3710: 0x00000000 0x00000000 0x00000000 0x00000000
0x3720: 0x00000000 0x00000000 0x00000000 0x00000000
0x3730: 0x00000000 0x00000000 0x00000000 0x00000000
0x3740: 0x00000000 0x00000000 0x00000000 0x00000000
0x3750: 0x00000000 0x00000000 0x00000000 0x00000000
0x3760: 0x00000000 0x00000000 0x00000000 0x00000000
0x3770: 0x00000000 0x00000000 0x00000000 0x00000000
0x3780: 0x00000000 0x00000000 0x00000000 0x00000000
0x3790: 0x00000000 0x00000000 0x00000000 0x00000000
0x37a0: 0x00000000 0x00000000 0x00000000 0x00000000
0x37b0: 0x00000000 0x00000000 0x00000000 0x00000000
0x37c0: 0x00000000 0x00000000 0x00000000 0x00000000
0x37d0: 0x00000000 0x00000000 0x00000000 0x00000000
0x37e0: 0x00000000 0x00000000 0x00000000 0x00000000
0x37f0: 0x00000000 0x00000000 0x00000000 0x00000000
0x3800: 0x00000000 0x00000000 0x00000000 0x00000000
0x3810: 0x00000000 0x00000000 0x00000000 0x00000000
0x3820: 0x00000000 0x00000000 0x00000000 0x00000000
0x3830: 0x00000000 0x00000000 0x00000000 0x00000000
0x3840: 0x00000000 0x00000000 0x00000000 0x00000000
0x3850: 0x00000000 0x00000000 0x00000000 0x00000000
0x3860: 0x00000000 0x00000000 0x00000000 0x00000000
0x3870: 0x00000000 0x00000000 0x00000000 0x00000000
0x3880: 0x00000000 0x00000000 0x00000000 0x00000000
0x3890: 0x00000000 0x00000000 0x00000000 0x00000000
0x38a0: 0x00000000 0x00000000 0x00000000 0x00000000
0x38b0: 0x00000000 0x00000000 0x00000000 0x00000000
0x38c0: 0x00000000 0x00000000 0x00000000 0x00000000
0x38d0: 0x00000000 0x00000000 0x00000000 0x00000000
0x38e0: 0x00000000 0x00000000 0x00000000 0x00000000
0x38f0: 0x00000000 0x00000000 0x00000000 0x00000000
0x3900: 0x00000000 0x00000000 0x00000000 0x00000000
0x3910: 0x00000000 0x00000000 0x00000000 0x00000000
0x3920: 0x00000000 0x00000000 0x00000000 0x00000000
0x3930: 0x00000000 0x00000000 0x00000000 0x00000000
0x3940: 0x00000000 0x00000000 0x00000000 0x00000000
0x3950: 0x00000000 0x00000000 0x00000000 0x00000000
0x3960: 0x00000000 0x00000000 0x00000000 0x00000000
0x3970: 0x00000000 0x00000000 0x00000000 0x00000000
0x3980: 0x00000000 0x00000000 0x00000000 0x00000000
0x3990: 0x00000000 0x00000000 0x00000000 0x00000000
0x39a0: 0x00000000 0x00000000 0x00000000 0x00000000
0x39b0: 0x00000000 0x00000000 0x00000000 0x00000000
0x39c0: 0x00000000 0x00000000 0x00000000 0x00000000
0x39d0: 0x00000000 0x00000000 0x00000000 0x00000000
0x39e0: 0x00000000 0x00000000 0x00000000 0x00000000
0x39f0: 0x00000000 0x00000000 0x00000000 0x00000000
0x3a00: 0x00000000 0x00000000 0x00000000 0x00000000
0x3a10: 0x00000000 0x00000000 0x00000000 0x00000000
0x3a20: 0x00000000 0x00000000 0x00000000 0x00000000
0x3a30: 0x00000000 0x00000000 0x00000000 0x00000000
0x3a40: 0x00000000 0x00000000 0x00000000 0x00000000
0x3a50: 0x00000000 0x00000000 0x00000000 0x00000000
0x3a60: 0x00000000 0x00000000 0x00000000 0x00000000
0x3a70: 0x00000000 0x00000000 0x00000000 0x00000000
0x3a80: 0x00000000 0x00000000 0x00000000 0x00000000
0x3a90: 0x00000000 0x00000000 0x00000000 0x00000000
0x3aa0: 0x00000000 0x00000000 0x00000000 0x00000000
0x3ab0: 0x00000000 0x00000000 0x00000000 0x00000000
0x3ac0: 0x00000000 0x00000000 0x00000000 0x00000000
0x3ad0: 0x00000000 0x00000000 0x00000000 0x00000000
0x3ae0: 0x00000000 0x00000000 0x00000000 0x00000000
0x3af0: 0x00000000 0x00000000 0x00000000 0x00000000
0x3b00: 0x00000000 0x00000000 0x00000000 0x00000000
0x3b10: 0x00000000 0x00000000 0x00000000 0x00000000
0x3b20: 0x00000000 0x00000000 0x00000000 0x00000000
0x3b30: 0x00000000 0x00000000 0x00000000 0x00000000
0x3b40: 0x00000000 0x00000000 0x00000000 0x00000000
0x3b50: 0x00000000 0x00000000 0x00000000 0x00000000
0x3b60: 0x00000000 0x00000000 0x00000000 0x00000000
0x3b70: 0x00000000 0x00000000 0x00000000 0x00000000
0x3b80: 0x00000000 0x00000000 0x00000000 0x00000000
0x3b90: 0x00000000 0x00000000 0x00000000 0x00000000
0x3ba0: 0x00000000 0x00000000 0x00000000 0x00000000
0x3bb0: 0x00000000 0x00000000 0x00000000 0x00000000
0x3bc0: 0x00000000 0x00000000 0x00000000 0x00000000
0x3bd0: 0x00000000 0x00000000 0x00000000 0x00000000
0x3be0: 0x00000000 0x00000000 0x00000000 0x00000000
0x3bf0: 0x00000000 0x00000000 0x00000000 0x00000000
0x3c00: 0x00000000 0x00000000 0x00000000 0x00000000
0x3c10: 0x00000000 0x00000000 0x00000000 0x00000000
0x3c20: 0x00000000 0x00000000 0x00000000 0x00000000
0x3c30: 0x00000000 0x00000000 0x00000000 0x00000000
0x3c40: 0x00000000 0x00000000 0x00000000 0x00000000
0x3c50: 0x00000000 0x00000000 0x00000000 0x00000000
0x3c60: 0x00000000 0x00000000 0x00000000 0x00000000
0x3c70: 0x00000000 0x00000000 0x00000000 0x00000000
0x3c80: 0x00000000 0x00000000 0x00000000 0x00000000
0x3c90: 0x00000000 0x00000000 0x00000000 0x00000000
0x3ca0: 0x00000000 0x00000000 0x00000000 0x00000000
0x3cb0: 0x00000000 0x00000000 0x00000000 0x00000000
0x3cc0: 0x00000000 0x00000000 0x00000000 0x00000000
0x3cd0: 0x00000000 0x00000000 0x00000000 0x00000000
0x3ce0: 0x00000000 0x00000000 0x00000000 0x00000000
0x3cf0: 0x00000000 0x00000000 0x00000000 0x00000000
0x3d00: 0x00000000 0x00000000 0x00000000 0x00000000
0x3d10: 0x00000000 0x00000000 0x00000000 0x00000000
0x3d20: 0x00000000 0x00000000 0x00000000 0x00000000
0x3d30: 0x00000000 0x00000000 0x00000000 0x00000000
0x3d40: 0x00000000 0x00000000 0x00000000 0x00000000
0x3d50: 0x00000000 0x00000000 0x00000000 0x00000000
0x3d60: 0x00000000 0x00000000 0x00000000 0x00000000
0x3d70: 0x00000000 0x00000000 0x00000000 0x00000000
0x3d80: 0x00000000 0x00000000 0x00000000 0x00000000
0x3d90: 0x00000000 0x00000000 0x00000000 0x00000000
0x3da0: 0x00000000 0x00000000 0x00000000 0x00000000
0x3db0: 0x00000000 0x00000000 0x00000000 0x00000000
0x3dc0: 0x00000000 0x00000000 0x00000000 0x00000000
0x3dd0: 0x00000000 0x00000000 0x00000000 0x00000000
0x3de0: 0x00000000 0x00000000 0x00000000 0x00000000
0x3df0: 0x00000000 0x00000000 0x00000000 0x00000000
0x3e00: 0x00000000 0x00000000 0x00000000 0x00000000
0x3e10: 0x00000000 0x00000000 0x00000000 0x00000000
0x3e20: 0x00000000 0x00000000 0x00000000 0x00000000
0x3e30: 0x00000000 0x00000000 0x00000000 0x00000000
0x3e40: 0x00000000 0x00000000 0x00000000 0x00000000
0x3e50: 0x00000000 0x00000000 0x00000000 0x00000000
0x3e60: 0x00000000 0x00000000 0x00000000 0x00000000
0x3e70: 0x00000000 0x00000000 0x00000000 0x00000000
0x3e80: 0x00000000 0x00000000 0x00000000 0x00000000
0x3e90: 0x00000000 0x00000000 0x00000000 0x00000000
0x3ea0: 0x00000000 0x00000000 0x00000000 0x00000000
0x3eb0: 0x00000000 0x00000000 0x00000000 0x00000000
0x3ec0: 0x00000000 0x00000000 0x00000000 0x00000000
0x3ed0: 0x00000000 0x00000000 0x00000000 0x00000000
0x3ee0: 0x00000000 0x00000000 0x00000000 0x00000000
0x3ef0: 0x00000000 0x00000000 0x00000000 0x00000000
0x3f00: 0x00000000 0x00000000 0x00000000 0x00000000
0x3f10: 0x00000000 0x00000000 0x00000000 0x00000000
0x3f20: 0x00000000 0x00000000 0x00000000 0x00000000
0x3f30: 0x00000000 0x00000000 0x00000000 0x00000000
0x3f40: 0x00000000 0x00000000 0x00000000 0x00000000
0x3f50: 0x00000000 0x00000000 0x00000000 0x00000000
0x3f60: 0x00000000 0x00000000 0x00000000 0x00000000
0x3f70: 0x00000000 0x00000000 0x00000000 0x00000000
0x3f80: 0x00000000 0x00000000 0x00000000 0x00000000
0x3f90: 0x00000000 0x00000000 0x00000000 0x00000000
0x3fa0: 0x00000000 0x00000000 0x00000000 0x00000000
0x3fb0: 0x00000000 0x00000000 0x00000000 0x00000000
0x3fc0: 0x00000000 0x00000000 0x00000000 0x00000000
0x3fd0: 0x00000000 0x00000000 0x00000000 0x00000000
0x3fe0: 0x00000000 0x00000000 0x00000000 0x00000000
0x3ff0: 0x00000000 0x00000000 0x00000000 0x00000000

Waiting MIPS CPU to finish...
#1 access to result (= 4294967295)
#2 access to result (= 4294967295)
#3 access to result (= 4294967295)
#4 access to result (= 4294967295)
#5 access to result (= 4294967295)
#6 access to result (= 4294967295)
#7 access to result (= 4294967295)
#8 access to result (= 4294967295)
#9 access to result (= 4294967295)
#10 access to result (= 4294967295)
#11 access to result (= 4294967295)
#12 access to result (= 4294967295)
#13 access to result (= 4294967295)
#14 access to result (= 4294967295)
#15 access to result (= 4294967295)
#16 access to result (= 4294967295)
#17 access to result (= 4294967295)
#18 access to result (= 4294967295)
#19 access to result (= 4294967295)
#20 access to result (= 4294967295)
#21 access to result (= 4294967295)
#22 access to result (= 4294967295)
#23 access to result (= 4294967295)
#24 access to result (= 0)
MIPS CPU Execution is finished...
Memory dump comparison:
/root/prj5_wp/sw_conv passed
